#
# There is insufficient memory for the Java Runtime Environment to continue.
# Native memory allocation (malloc) failed to allocate 1239760 bytes for Chunk::new
# Possible reasons:
#   The system is out of physical RAM or swap space
#   The process is running with CompressedOops enabled, and the Java Heap may be blocking the growth of the native heap
# Possible solutions:
#   Reduce memory load on the system
#   Increase physical memory or swap space
#   Check if swap backing store is full
#   Decrease Java heap size (-Xmx/-Xms)
#   Decrease number of Java threads
#   Decrease Java thread stack sizes (-Xss)
#   Set larger code cache with -XX:ReservedCodeCacheSize=
#   JVM is running with Unscaled Compressed Oops mode in which the Java heap is
#     placed in the first 4GB address space. The Java Heap base address is the
#     maximum limit for the native heap growth. Please use -XX:HeapBaseMinAddress
#     to set the Java Heap base and to place the Java Heap above 4GB virtual address.
# This output file may be truncated or incomplete.
#
#  Out of Memory Error (arena.cpp:189), pid=6124, tid=10256
#
# JRE version: Java(TM) SE Runtime Environment (17.0.12+8) (build 17.0.12+8-LTS-286)
# Java VM: Java HotSpot(TM) 64-Bit Server VM (17.0.12+8-LTS-286, mixed mode, sharing, tiered, compressed oops, compressed class ptrs, g1 gc, windows-amd64)
# No core dump will be written. Minidumps are not enabled by default on client versions of Windows
#

---------------  S U M M A R Y ------------

Command Line: org.jetbrains.kotlin.cli.jvm.K2JVMCompiler @C:\Users\Lenovo\Desktop\testing\BackgroundLoggerApp\node_modules\react-native-screens\android\build\20251113_11418387919722357146.compiler.options

Host: 11th Gen Intel(R) Core(TM) i5-1135G7 @ 2.40GHz, 8 cores, 7G,  Windows 10 , 64 bit Build 19041 (10.0.19041.5915)
Time: Thu Nov 13 19:47:29 2025 Morocco Daylight Time elapsed time: 36.904510 seconds (0d 0h 0m 36s)

---------------  T H R E A D  ---------------

Current thread (0x000001a54a879fc0):  JavaThread "C2 CompilerThread0" daemon [_thread_in_native, id=10256, stack(0x00000088c0e00000,0x00000088c0f00000)]


Current CompileTask:
C2:  36904 12991       4       org.jetbrains.kotlin.types.model.TypeSystemCommonSuperTypesContext::typeDepth (105 bytes)

Stack: [0x00000088c0e00000,0x00000088c0f00000]
Native frames: (J=compiled Java code, j=interpreted, Vv=VM code, C=native code)
V  [jvm.dll+0x67a04a]
V  [jvm.dll+0x7da4ed]
V  [jvm.dll+0x7dbe33]
V  [jvm.dll+0x7dc4a3]
V  [jvm.dll+0x24508f]
V  [jvm.dll+0xab773]
V  [jvm.dll+0xabd3c]
V  [jvm.dll+0x361bee]
V  [jvm.dll+0x1ba45a]
V  [jvm.dll+0x216997]
V  [jvm.dll+0x215c6f]
V  [jvm.dll+0x1a2960]
V  [jvm.dll+0x22610b]
V  [jvm.dll+0x2242ab]
V  [jvm.dll+0x79075c]
V  [jvm.dll+0x78abea]
V  [jvm.dll+0x678f35]
C  [ucrtbase.dll+0x21bb2]
C  [KERNEL32.DLL+0x17374]
C  [ntdll.dll+0x4cc91]


---------------  P R O C E S S  ---------------

Threads class SMR info:
_java_thread_list=0x000001a5935f0e80, length=13, elements={
0x000001a52c83c010, 0x000001a54a85d390, 0x000001a54a85df50, 0x000001a54a872bd0,
0x000001a54a873790, 0x000001a54a878170, 0x000001a54a878b30, 0x000001a54a879fc0,
0x000001a54a87aa70, 0x000001a54a8c7f40, 0x000001a54aab2ae0, 0x000001a54aac1430,
0x000001a593d48070
}

Java Threads: ( => current thread )
  0x000001a52c83c010 JavaThread "main" [_thread_in_vm, id=6308, stack(0x00000088c0100000,0x00000088c0200000)]
  0x000001a54a85d390 JavaThread "Reference Handler" daemon [_thread_blocked, id=736, stack(0x00000088c0800000,0x00000088c0900000)]
  0x000001a54a85df50 JavaThread "Finalizer" daemon [_thread_blocked, id=16084, stack(0x00000088c0900000,0x00000088c0a00000)]
  0x000001a54a872bd0 JavaThread "Signal Dispatcher" daemon [_thread_blocked, id=14656, stack(0x00000088c0a00000,0x00000088c0b00000)]
  0x000001a54a873790 JavaThread "Attach Listener" daemon [_thread_blocked, id=9868, stack(0x00000088c0b00000,0x00000088c0c00000)]
  0x000001a54a878170 JavaThread "Service Thread" daemon [_thread_blocked, id=17272, stack(0x00000088c0c00000,0x00000088c0d00000)]
  0x000001a54a878b30 JavaThread "Monitor Deflation Thread" daemon [_thread_blocked, id=1928, stack(0x00000088c0d00000,0x00000088c0e00000)]
=>0x000001a54a879fc0 JavaThread "C2 CompilerThread0" daemon [_thread_in_native, id=10256, stack(0x00000088c0e00000,0x00000088c0f00000)]
  0x000001a54a87aa70 JavaThread "C1 CompilerThread0" daemon [_thread_blocked, id=14948, stack(0x00000088c0f00000,0x00000088c1000000)]
  0x000001a54a8c7f40 JavaThread "Sweeper thread" daemon [_thread_blocked, id=13220, stack(0x00000088c1000000,0x00000088c1100000)]
  0x000001a54aab2ae0 JavaThread "Notification Thread" daemon [_thread_blocked, id=6744, stack(0x00000088c1100000,0x00000088c1200000)]
  0x000001a54aac1430 JavaThread "Common-Cleaner" daemon [_thread_blocked, id=13824, stack(0x00000088c1300000,0x00000088c1400000)]
  0x000001a593d48070 JavaThread "C2 CompilerThread1" daemon [_thread_in_native, id=13484, stack(0x00000088c1900000,0x00000088c1a00000)]

Other Threads:
  0x000001a54a858490 VMThread "VM Thread" [stack: 0x00000088c0700000,0x00000088c0800000] [id=15812]
  0x000001a54aabafd0 WatcherThread [stack: 0x00000088c1200000,0x00000088c1300000] [id=13548]
  0x000001a52c895220 GCTaskThread "GC Thread#0" [stack: 0x00000088c0200000,0x00000088c0300000] [id=6600]
  0x000001a590116c80 GCTaskThread "GC Thread#1" [stack: 0x00000088c1400000,0x00000088c1500000] [id=2388]
  0x000001a5901df120 GCTaskThread "GC Thread#2" [stack: 0x00000088c1500000,0x00000088c1600000] [id=7016]
  0x000001a5901bad40 GCTaskThread "GC Thread#3" [stack: 0x00000088c1600000,0x00000088c1700000] [id=3668]
  0x000001a5901bb000 GCTaskThread "GC Thread#4" [stack: 0x00000088c1700000,0x00000088c1800000] [id=9964]
  0x000001a5901853d0 GCTaskThread "GC Thread#5" [stack: 0x00000088c1800000,0x00000088c1900000] [id=17940]
  0x000001a590c9c720 GCTaskThread "GC Thread#6" [stack: 0x00000088c1a00000,0x00000088c1b00000] [id=13516]
  0x000001a590b948b0 GCTaskThread "GC Thread#7" [stack: 0x00000088c1b00000,0x00000088c1c00000] [id=7292]
  0x000001a52c8a5ab0 ConcurrentGCThread "G1 Main Marker" [stack: 0x00000088c0300000,0x00000088c0400000] [id=12844]
  0x000001a52c8a74d0 ConcurrentGCThread "G1 Conc#0" [stack: 0x00000088c0400000,0x00000088c0500000] [id=10276]
  0x000001a590c79dc0 ConcurrentGCThread "G1 Conc#1" [stack: 0x00000088c1c00000,0x00000088c1d00000] [id=17868]
  0x000001a52c90eaa0 ConcurrentGCThread "G1 Refine#0" [stack: 0x00000088c0500000,0x00000088c0600000] [id=16088]
  0x000001a5923a77f0 ConcurrentGCThread "G1 Refine#1" [stack: 0x00000088c1e00000,0x00000088c1f00000] [id=15096]
  0x000001a5923a83b0 ConcurrentGCThread "G1 Refine#2" [stack: 0x00000088c1f00000,0x00000088c2000000] [id=1476]
  0x000001a54a7105f0 ConcurrentGCThread "G1 Service" [stack: 0x00000088c0600000,0x00000088c0700000] [id=12136]

Threads with active compile tasks:
C2 CompilerThread0    36926 12991       4       org.jetbrains.kotlin.types.model.TypeSystemCommonSuperTypesContext::typeDepth (105 bytes)
C2 CompilerThread1    36926 13017       4       org.jetbrains.kotlin.load.java.lazy.descriptors.ClassDeclaredMemberIndex$methodFilter$1::invoke (9 bytes)

VM state: not at safepoint (normal execution)

VM Mutex/Monitor currently owned by a thread: None

Heap address: 0x0000000083600000, size: 1994 MB, Compressed Oops mode: 32-bit

CDS archive(s) mapped at: [0x000001a54b000000-0x000001a54bbd0000-0x000001a54bbd0000), size 12386304, SharedBaseAddress: 0x000001a54b000000, ArchiveRelocationMode: 1.
Compressed class space mapped at: 0x000001a54c000000-0x000001a58c000000, reserved size: 1073741824
Narrow klass base: 0x000001a54b000000, Narrow klass shift: 0, Narrow klass range: 0x100000000

GC Precious Log:
 CPUs: 8 total, 8 available
 Memory: 7975M
 Large Page Support: Disabled
 NUMA Support: Disabled
 Compressed Oops: Enabled (32-bit)
 Heap Region Size: 1M
 Heap Min Capacity: 8M
 Heap Initial Capacity: 126M
 Heap Max Capacity: 1994M
 Pre-touch: Disabled
 Parallel Workers: 8
 Concurrent Workers: 2
 Concurrent Refinement Workers: 8
 Periodic GC: Disabled

Heap:
 garbage-first heap   total 307200K, used 107295K [0x0000000083600000, 0x0000000100000000)
  region size 1024K, 13 young (13312K), 2 survivors (2048K)
 Metaspace       used 55324K, committed 55616K, reserved 1114112K
  class space    used 6186K, committed 6336K, reserved 1048576K

Heap Regions: E=young(eden), S=young(survivor), O=old, HS=humongous(starts), HC=humongous(continues), CS=collection set, F=free, OA=open archive, CA=closed archive, TAMS=top-at-mark-start (previous, next)
|   0|0x0000000083600000, 0x0000000083700000, 0x0000000083700000|100%|HS|  |TAMS 0x0000000083700000, 0x0000000083600000| Complete 
|   1|0x0000000083700000, 0x0000000083800000, 0x0000000083800000|100%|HC|  |TAMS 0x0000000083800000, 0x0000000083700000| Complete 
|   2|0x0000000083800000, 0x0000000083900000, 0x0000000083900000|100%|HC|  |TAMS 0x0000000083900000, 0x0000000083800000| Complete 
|   3|0x0000000083900000, 0x0000000083a00000, 0x0000000083a00000|100%|HC|  |TAMS 0x0000000083a00000, 0x0000000083900000| Complete 
|   4|0x0000000083a00000, 0x0000000083b00000, 0x0000000083b00000|100%| O|  |TAMS 0x0000000083b00000, 0x0000000083a00000| Untracked 
|   5|0x0000000083b00000, 0x0000000083c00000, 0x0000000083c00000|100%| O|  |TAMS 0x0000000083c00000, 0x0000000083b00000| Untracked 
|   6|0x0000000083c00000, 0x0000000083d00000, 0x0000000083d00000|100%| O|  |TAMS 0x0000000083d00000, 0x0000000083c00000| Untracked 
|   7|0x0000000083d00000, 0x0000000083e00000, 0x0000000083e00000|100%| O|  |TAMS 0x0000000083e00000, 0x0000000083d00000| Untracked 
|   8|0x0000000083e00000, 0x0000000083f00000, 0x0000000083f00000|100%| O|  |TAMS 0x0000000083f00000, 0x0000000083e00000| Untracked 
|   9|0x0000000083f00000, 0x0000000084000000, 0x0000000084000000|100%| O|  |TAMS 0x0000000084000000, 0x0000000083f00000| Untracked 
|  10|0x0000000084000000, 0x0000000084100000, 0x0000000084100000|100%| O|  |TAMS 0x0000000084100000, 0x0000000084000000| Untracked 
|  11|0x0000000084100000, 0x0000000084200000, 0x0000000084200000|100%| O|  |TAMS 0x0000000084200000, 0x0000000084100000| Untracked 
|  12|0x0000000084200000, 0x0000000084300000, 0x0000000084300000|100%| O|  |TAMS 0x0000000084300000, 0x0000000084200000| Untracked 
|  13|0x0000000084300000, 0x0000000084400000, 0x0000000084400000|100%| O|  |TAMS 0x0000000084400000, 0x0000000084300000| Untracked 
|  14|0x0000000084400000, 0x0000000084500000, 0x0000000084500000|100%| O|  |TAMS 0x0000000084500000, 0x0000000084400000| Untracked 
|  15|0x0000000084500000, 0x0000000084600000, 0x0000000084600000|100%| O|  |TAMS 0x0000000084600000, 0x0000000084500000| Untracked 
|  16|0x0000000084600000, 0x0000000084700000, 0x0000000084700000|100%| O|  |TAMS 0x0000000084700000, 0x0000000084600000| Untracked 
|  17|0x0000000084700000, 0x0000000084800000, 0x0000000084800000|100%| O|  |TAMS 0x0000000084800000, 0x0000000084700000| Untracked 
|  18|0x0000000084800000, 0x0000000084900000, 0x0000000084900000|100%| O|  |TAMS 0x0000000084800000, 0x0000000084800000| Untracked 
|  19|0x0000000084900000, 0x0000000084a00000, 0x0000000084a00000|100%| O|  |TAMS 0x0000000084a00000, 0x0000000084900000| Untracked 
|  20|0x0000000084a00000, 0x0000000084b00000, 0x0000000084b00000|100%| O|  |TAMS 0x0000000084b00000, 0x0000000084a00000| Untracked 
|  21|0x0000000084b00000, 0x0000000084c00000, 0x0000000084c00000|100%|HS|  |TAMS 0x0000000084c00000, 0x0000000084b00000| Complete 
|  22|0x0000000084c00000, 0x0000000084d00000, 0x0000000084d00000|100%|HC|  |TAMS 0x0000000084d00000, 0x0000000084c00000| Complete 
|  23|0x0000000084d00000, 0x0000000084e00000, 0x0000000084e00000|100%| O|  |TAMS 0x0000000084e00000, 0x0000000084d00000| Untracked 
|  24|0x0000000084e00000, 0x0000000084f00000, 0x0000000084f00000|100%| O|  |TAMS 0x0000000084f00000, 0x0000000084e00000| Untracked 
|  25|0x0000000084f00000, 0x0000000084f7f600, 0x0000000085000000| 49%| O|  |TAMS 0x0000000084f7f600, 0x0000000084f00000| Untracked 
|  26|0x0000000085000000, 0x0000000085100000, 0x0000000085100000|100%| O|  |TAMS 0x0000000085100000, 0x0000000085000000| Untracked 
|  27|0x0000000085100000, 0x0000000085200000, 0x0000000085200000|100%| O|  |TAMS 0x0000000085200000, 0x0000000085100000| Untracked 
|  28|0x0000000085200000, 0x0000000085300000, 0x0000000085300000|100%| O|  |TAMS 0x0000000085300000, 0x0000000085200000| Untracked 
|  29|0x0000000085300000, 0x0000000085400000, 0x0000000085400000|100%| O|  |TAMS 0x0000000085400000, 0x0000000085300000| Untracked 
|  30|0x0000000085400000, 0x0000000085500000, 0x0000000085500000|100%| O|  |TAMS 0x0000000085500000, 0x0000000085400000| Untracked 
|  31|0x0000000085500000, 0x0000000085600000, 0x0000000085600000|100%| O|  |TAMS 0x0000000085600000, 0x0000000085500000| Untracked 
|  32|0x0000000085600000, 0x0000000085700000, 0x0000000085700000|100%| O|  |TAMS 0x0000000085700000, 0x0000000085600000| Untracked 
|  33|0x0000000085700000, 0x0000000085800000, 0x0000000085800000|100%| O|  |TAMS 0x0000000085800000, 0x0000000085700000| Untracked 
|  34|0x0000000085800000, 0x0000000085900000, 0x0000000085900000|100%| O|  |TAMS 0x0000000085900000, 0x0000000085800000| Untracked 
|  35|0x0000000085900000, 0x0000000085a00000, 0x0000000085a00000|100%| O|  |TAMS 0x0000000085a00000, 0x0000000085900000| Untracked 
|  36|0x0000000085a00000, 0x0000000085b00000, 0x0000000085b00000|100%| O|  |TAMS 0x0000000085b00000, 0x0000000085a00000| Untracked 
|  37|0x0000000085b00000, 0x0000000085c00000, 0x0000000085c00000|100%| O|  |TAMS 0x0000000085c00000, 0x0000000085b00000| Untracked 
|  38|0x0000000085c00000, 0x0000000085d00000, 0x0000000085d00000|100%|HS|  |TAMS 0x0000000085d00000, 0x0000000085c00000| Complete 
|  39|0x0000000085d00000, 0x0000000085e00000, 0x0000000085e00000|100%|HC|  |TAMS 0x0000000085e00000, 0x0000000085d00000| Complete 
|  40|0x0000000085e00000, 0x0000000085f00000, 0x0000000085f00000|100%| O|  |TAMS 0x0000000085f00000, 0x0000000085e00000| Untracked 
|  41|0x0000000085f00000, 0x0000000086000000, 0x0000000086000000|100%| O|  |TAMS 0x0000000086000000, 0x0000000085f00000| Untracked 
|  42|0x0000000086000000, 0x0000000086100000, 0x0000000086100000|100%| O|  |TAMS 0x0000000086100000, 0x0000000086000000| Untracked 
|  43|0x0000000086100000, 0x0000000086200000, 0x0000000086200000|100%| O|  |TAMS 0x0000000086200000, 0x0000000086100000| Untracked 
|  44|0x0000000086200000, 0x0000000086300000, 0x0000000086300000|100%| O|  |TAMS 0x0000000086300000, 0x0000000086200000| Untracked 
|  45|0x0000000086300000, 0x0000000086400000, 0x0000000086400000|100%| O|  |TAMS 0x0000000086400000, 0x0000000086300000| Untracked 
|  46|0x0000000086400000, 0x0000000086500000, 0x0000000086500000|100%| O|  |TAMS 0x0000000086500000, 0x0000000086400000| Untracked 
|  47|0x0000000086500000, 0x0000000086600000, 0x0000000086600000|100%| O|  |TAMS 0x0000000086600000, 0x0000000086500000| Untracked 
|  48|0x0000000086600000, 0x0000000086700000, 0x0000000086700000|100%| O|  |TAMS 0x0000000086700000, 0x0000000086600000| Untracked 
|  49|0x0000000086700000, 0x0000000086800000, 0x0000000086800000|100%| O|  |TAMS 0x0000000086800000, 0x0000000086700000| Untracked 
|  50|0x0000000086800000, 0x0000000086900000, 0x0000000086900000|100%| O|  |TAMS 0x0000000086900000, 0x0000000086800000| Untracked 
|  51|0x0000000086900000, 0x0000000086a00000, 0x0000000086a00000|100%| O|  |TAMS 0x0000000086a00000, 0x0000000086900000| Untracked 
|  52|0x0000000086a00000, 0x0000000086b00000, 0x0000000086b00000|100%| O|  |TAMS 0x0000000086b00000, 0x0000000086a00000| Untracked 
|  53|0x0000000086b00000, 0x0000000086c00000, 0x0000000086c00000|100%| O|  |TAMS 0x0000000086c00000, 0x0000000086b00000| Untracked 
|  54|0x0000000086c00000, 0x0000000086d00000, 0x0000000086d00000|100%| O|  |TAMS 0x0000000086d00000, 0x0000000086c00000| Untracked 
|  55|0x0000000086d00000, 0x0000000086e00000, 0x0000000086e00000|100%| O|  |TAMS 0x0000000086e00000, 0x0000000086d00000| Untracked 
|  56|0x0000000086e00000, 0x0000000086f00000, 0x0000000086f00000|100%| O|  |TAMS 0x0000000086f00000, 0x0000000086e00000| Untracked 
|  57|0x0000000086f00000, 0x0000000087000000, 0x0000000087000000|100%| O|  |TAMS 0x0000000087000000, 0x0000000086f00000| Untracked 
|  58|0x0000000087000000, 0x0000000087100000, 0x0000000087100000|100%| O|  |TAMS 0x0000000087100000, 0x0000000087000000| Untracked 
|  59|0x0000000087100000, 0x0000000087200000, 0x0000000087200000|100%| O|  |TAMS 0x0000000087200000, 0x0000000087100000| Untracked 
|  60|0x0000000087200000, 0x0000000087300000, 0x0000000087300000|100%| O|  |TAMS 0x0000000087300000, 0x0000000087200000| Untracked 
|  61|0x0000000087300000, 0x0000000087400000, 0x0000000087400000|100%| O|  |TAMS 0x0000000087400000, 0x0000000087300000| Untracked 
|  62|0x0000000087400000, 0x0000000087500000, 0x0000000087500000|100%| O|  |TAMS 0x0000000087500000, 0x0000000087400000| Untracked 
|  63|0x0000000087500000, 0x0000000087600000, 0x0000000087600000|100%| O|  |TAMS 0x0000000087600000, 0x0000000087500000| Untracked 
|  64|0x0000000087600000, 0x0000000087700000, 0x0000000087700000|100%| O|  |TAMS 0x0000000087700000, 0x0000000087600000| Untracked 
|  65|0x0000000087700000, 0x0000000087800000, 0x0000000087800000|100%| O|  |TAMS 0x0000000087800000, 0x0000000087700000| Untracked 
|  66|0x0000000087800000, 0x0000000087900000, 0x0000000087900000|100%| O|  |TAMS 0x0000000087900000, 0x0000000087800000| Untracked 
|  67|0x0000000087900000, 0x0000000087a00000, 0x0000000087a00000|100%| O|  |TAMS 0x0000000087a00000, 0x0000000087900000| Untracked 
|  68|0x0000000087a00000, 0x0000000087b00000, 0x0000000087b00000|100%| O|  |TAMS 0x0000000087b00000, 0x0000000087a00000| Untracked 
|  69|0x0000000087b00000, 0x0000000087c00000, 0x0000000087c00000|100%| O|  |TAMS 0x0000000087c00000, 0x0000000087b00000| Untracked 
|  70|0x0000000087c00000, 0x0000000087d00000, 0x0000000087d00000|100%| O|  |TAMS 0x0000000087d00000, 0x0000000087c00000| Untracked 
|  71|0x0000000087d00000, 0x0000000087e00000, 0x0000000087e00000|100%| O|  |TAMS 0x0000000087e00000, 0x0000000087d00000| Untracked 
|  72|0x0000000087e00000, 0x0000000087f00000, 0x0000000087f00000|100%| O|  |TAMS 0x0000000087f00000, 0x0000000087e00000| Untracked 
|  73|0x0000000087f00000, 0x0000000088000000, 0x0000000088000000|100%| O|  |TAMS 0x0000000088000000, 0x0000000087f00000| Untracked 
|  74|0x0000000088000000, 0x0000000088000000, 0x0000000088100000|  0%| F|  |TAMS 0x0000000088000000, 0x0000000088000000| Untracked 
|  75|0x0000000088100000, 0x0000000088200000, 0x0000000088200000|100%| O|  |TAMS 0x0000000088200000, 0x0000000088100000| Untracked 
|  76|0x0000000088200000, 0x0000000088300000, 0x0000000088300000|100%| O|  |TAMS 0x0000000088300000, 0x0000000088200000| Untracked 
|  77|0x0000000088300000, 0x0000000088400000, 0x0000000088400000|100%| O|  |TAMS 0x0000000088400000, 0x0000000088300000| Untracked 
|  78|0x0000000088400000, 0x0000000088500000, 0x0000000088500000|100%| O|  |TAMS 0x0000000088500000, 0x0000000088400000| Untracked 
|  79|0x0000000088500000, 0x0000000088600000, 0x0000000088600000|100%| O|  |TAMS 0x0000000088600000, 0x0000000088500000| Untracked 
|  80|0x0000000088600000, 0x0000000088700000, 0x0000000088700000|100%| O|  |TAMS 0x0000000088700000, 0x0000000088600000| Untracked 
|  81|0x0000000088700000, 0x0000000088800000, 0x0000000088800000|100%| O|  |TAMS 0x0000000088800000, 0x0000000088700000| Untracked 
|  82|0x0000000088800000, 0x0000000088900000, 0x0000000088900000|100%| O|  |TAMS 0x0000000088800000, 0x0000000088800000| Untracked 
|  83|0x0000000088900000, 0x0000000088a00000, 0x0000000088a00000|100%| O|  |TAMS 0x0000000088900000, 0x0000000088900000| Untracked 
|  84|0x0000000088a00000, 0x0000000088b00000, 0x0000000088b00000|100%| O|  |TAMS 0x0000000088a00000, 0x0000000088a00000| Untracked 
|  85|0x0000000088b00000, 0x0000000088c00000, 0x0000000088c00000|100%| O|  |TAMS 0x0000000088b00000, 0x0000000088b00000| Untracked 
|  86|0x0000000088c00000, 0x0000000088d00000, 0x0000000088d00000|100%| O|  |TAMS 0x0000000088c00000, 0x0000000088c00000| Untracked 
|  87|0x0000000088d00000, 0x0000000088e00000, 0x0000000088e00000|100%| O|  |TAMS 0x0000000088d00000, 0x0000000088d00000| Untracked 
|  88|0x0000000088e00000, 0x0000000088f00000, 0x0000000088f00000|100%| O|  |TAMS 0x0000000088e00000, 0x0000000088e00000| Untracked 
|  89|0x0000000088f00000, 0x0000000089000000, 0x0000000089000000|100%| O|  |TAMS 0x0000000088f00000, 0x0000000088f00000| Untracked 
|  90|0x0000000089000000, 0x0000000089100000, 0x0000000089100000|100%| O|  |TAMS 0x0000000089000000, 0x0000000089000000| Untracked 
|  91|0x0000000089100000, 0x0000000089200000, 0x0000000089200000|100%| O|  |TAMS 0x0000000089100000, 0x0000000089100000| Untracked 
|  92|0x0000000089200000, 0x0000000089300000, 0x0000000089300000|100%| O|  |TAMS 0x0000000089200000, 0x0000000089200000| Untracked 
|  93|0x0000000089300000, 0x0000000089400000, 0x0000000089400000|100%| O|  |TAMS 0x0000000089300000, 0x0000000089300000| Untracked 
|  94|0x0000000089400000, 0x000000008946b800, 0x0000000089500000| 41%| O|  |TAMS 0x0000000089400000, 0x0000000089400000| Untracked 
|  95|0x0000000089500000, 0x0000000089500000, 0x0000000089600000|  0%| F|  |TAMS 0x0000000089500000, 0x0000000089500000| Untracked 
|  96|0x0000000089600000, 0x0000000089600000, 0x0000000089700000|  0%| F|  |TAMS 0x0000000089600000, 0x0000000089600000| Untracked 
|  97|0x0000000089700000, 0x0000000089700000, 0x0000000089800000|  0%| F|  |TAMS 0x0000000089700000, 0x0000000089700000| Untracked 
|  98|0x0000000089800000, 0x0000000089800000, 0x0000000089900000|  0%| F|  |TAMS 0x0000000089800000, 0x0000000089800000| Untracked 
|  99|0x0000000089900000, 0x0000000089900000, 0x0000000089a00000|  0%| F|  |TAMS 0x0000000089900000, 0x0000000089900000| Untracked 
| 100|0x0000000089a00000, 0x0000000089a00000, 0x0000000089b00000|  0%| F|  |TAMS 0x0000000089a00000, 0x0000000089a00000| Untracked 
| 101|0x0000000089b00000, 0x0000000089b00000, 0x0000000089c00000|  0%| F|  |TAMS 0x0000000089b00000, 0x0000000089b00000| Untracked 
| 102|0x0000000089c00000, 0x0000000089c00000, 0x0000000089d00000|  0%| F|  |TAMS 0x0000000089c00000, 0x0000000089c00000| Untracked 
| 103|0x0000000089d00000, 0x0000000089d00000, 0x0000000089e00000|  0%| F|  |TAMS 0x0000000089d00000, 0x0000000089d00000| Untracked 
| 104|0x0000000089e00000, 0x0000000089e00000, 0x0000000089f00000|  0%| F|  |TAMS 0x0000000089e00000, 0x0000000089e00000| Untracked 
| 105|0x0000000089f00000, 0x0000000089f00000, 0x000000008a000000|  0%| F|  |TAMS 0x0000000089f00000, 0x0000000089f00000| Untracked 
| 106|0x000000008a000000, 0x000000008a000000, 0x000000008a100000|  0%| F|  |TAMS 0x000000008a000000, 0x000000008a000000| Untracked 
| 107|0x000000008a100000, 0x000000008a100000, 0x000000008a200000|  0%| F|  |TAMS 0x000000008a100000, 0x000000008a100000| Untracked 
| 108|0x000000008a200000, 0x000000008a200000, 0x000000008a300000|  0%| F|  |TAMS 0x000000008a200000, 0x000000008a200000| Untracked 
| 109|0x000000008a300000, 0x000000008a300000, 0x000000008a400000|  0%| F|  |TAMS 0x000000008a300000, 0x000000008a300000| Untracked 
| 110|0x000000008a400000, 0x000000008a400000, 0x000000008a500000|  0%| F|  |TAMS 0x000000008a400000, 0x000000008a400000| Untracked 
| 111|0x000000008a500000, 0x000000008a500000, 0x000000008a600000|  0%| F|  |TAMS 0x000000008a500000, 0x000000008a500000| Untracked 
| 112|0x000000008a600000, 0x000000008a600000, 0x000000008a700000|  0%| F|  |TAMS 0x000000008a600000, 0x000000008a600000| Untracked 
| 113|0x000000008a700000, 0x000000008a700000, 0x000000008a800000|  0%| F|  |TAMS 0x000000008a700000, 0x000000008a700000| Untracked 
| 114|0x000000008a800000, 0x000000008a800000, 0x000000008a900000|  0%| F|  |TAMS 0x000000008a800000, 0x000000008a800000| Untracked 
| 115|0x000000008a900000, 0x000000008a900000, 0x000000008aa00000|  0%| F|  |TAMS 0x000000008a900000, 0x000000008a900000| Untracked 
| 116|0x000000008aa00000, 0x000000008aa00000, 0x000000008ab00000|  0%| F|  |TAMS 0x000000008aa00000, 0x000000008aa00000| Untracked 
| 117|0x000000008ab00000, 0x000000008ab00000, 0x000000008ac00000|  0%| F|  |TAMS 0x000000008ab00000, 0x000000008ab00000| Untracked 
| 118|0x000000008ac00000, 0x000000008ac00000, 0x000000008ad00000|  0%| F|  |TAMS 0x000000008ac00000, 0x000000008ac00000| Untracked 
| 119|0x000000008ad00000, 0x000000008ad00000, 0x000000008ae00000|  0%| F|  |TAMS 0x000000008ad00000, 0x000000008ad00000| Untracked 
| 120|0x000000008ae00000, 0x000000008ae00000, 0x000000008af00000|  0%| F|  |TAMS 0x000000008ae00000, 0x000000008ae00000| Untracked 
| 121|0x000000008af00000, 0x000000008af00000, 0x000000008b000000|  0%| F|  |TAMS 0x000000008af00000, 0x000000008af00000| Untracked 
| 122|0x000000008b000000, 0x000000008b000000, 0x000000008b100000|  0%| F|  |TAMS 0x000000008b000000, 0x000000008b000000| Untracked 
| 123|0x000000008b100000, 0x000000008b100000, 0x000000008b200000|  0%| F|  |TAMS 0x000000008b100000, 0x000000008b100000| Untracked 
| 124|0x000000008b200000, 0x000000008b200000, 0x000000008b300000|  0%| F|  |TAMS 0x000000008b200000, 0x000000008b200000| Untracked 
| 125|0x000000008b300000, 0x000000008b300000, 0x000000008b400000|  0%| F|  |TAMS 0x000000008b300000, 0x000000008b300000| Untracked 
| 126|0x000000008b400000, 0x000000008b400000, 0x000000008b500000|  0%| F|  |TAMS 0x000000008b400000, 0x000000008b400000| Untracked 
| 127|0x000000008b500000, 0x000000008b500000, 0x000000008b600000|  0%| F|  |TAMS 0x000000008b500000, 0x000000008b500000| Untracked 
| 128|0x000000008b600000, 0x000000008b600000, 0x000000008b700000|  0%| F|  |TAMS 0x000000008b600000, 0x000000008b600000| Untracked 
| 129|0x000000008b700000, 0x000000008b700000, 0x000000008b800000|  0%| F|  |TAMS 0x000000008b700000, 0x000000008b700000| Untracked 
| 130|0x000000008b800000, 0x000000008b800000, 0x000000008b900000|  0%| F|  |TAMS 0x000000008b800000, 0x000000008b800000| Untracked 
| 131|0x000000008b900000, 0x000000008b900000, 0x000000008ba00000|  0%| F|  |TAMS 0x000000008b900000, 0x000000008b900000| Untracked 
| 132|0x000000008ba00000, 0x000000008ba00000, 0x000000008bb00000|  0%| F|  |TAMS 0x000000008ba00000, 0x000000008ba00000| Untracked 
| 133|0x000000008bb00000, 0x000000008bb00000, 0x000000008bc00000|  0%| F|  |TAMS 0x000000008bb00000, 0x000000008bb00000| Untracked 
| 134|0x000000008bc00000, 0x000000008bc00000, 0x000000008bd00000|  0%| F|  |TAMS 0x000000008bc00000, 0x000000008bc00000| Untracked 
| 135|0x000000008bd00000, 0x000000008bd00000, 0x000000008be00000|  0%| F|  |TAMS 0x000000008bd00000, 0x000000008bd00000| Untracked 
| 136|0x000000008be00000, 0x000000008be00000, 0x000000008bf00000|  0%| F|  |TAMS 0x000000008be00000, 0x000000008be00000| Untracked 
| 137|0x000000008bf00000, 0x000000008bf00000, 0x000000008c000000|  0%| F|  |TAMS 0x000000008bf00000, 0x000000008bf00000| Untracked 
| 138|0x000000008c000000, 0x000000008c000000, 0x000000008c100000|  0%| F|  |TAMS 0x000000008c000000, 0x000000008c000000| Untracked 
| 139|0x000000008c100000, 0x000000008c100000, 0x000000008c200000|  0%| F|  |TAMS 0x000000008c100000, 0x000000008c100000| Untracked 
| 140|0x000000008c200000, 0x000000008c200000, 0x000000008c300000|  0%| F|  |TAMS 0x000000008c200000, 0x000000008c200000| Untracked 
| 141|0x000000008c300000, 0x000000008c300000, 0x000000008c400000|  0%| F|  |TAMS 0x000000008c300000, 0x000000008c300000| Untracked 
| 142|0x000000008c400000, 0x000000008c400000, 0x000000008c500000|  0%| F|  |TAMS 0x000000008c400000, 0x000000008c400000| Untracked 
| 143|0x000000008c500000, 0x000000008c500000, 0x000000008c600000|  0%| F|  |TAMS 0x000000008c500000, 0x000000008c500000| Untracked 
| 144|0x000000008c600000, 0x000000008c600000, 0x000000008c700000|  0%| F|  |TAMS 0x000000008c600000, 0x000000008c600000| Untracked 
| 145|0x000000008c700000, 0x000000008c700000, 0x000000008c800000|  0%| F|  |TAMS 0x000000008c700000, 0x000000008c700000| Untracked 
| 146|0x000000008c800000, 0x000000008c800000, 0x000000008c900000|  0%| F|  |TAMS 0x000000008c800000, 0x000000008c800000| Untracked 
| 147|0x000000008c900000, 0x000000008c900000, 0x000000008ca00000|  0%| F|  |TAMS 0x000000008c900000, 0x000000008c900000| Untracked 
| 148|0x000000008ca00000, 0x000000008ca00000, 0x000000008cb00000|  0%| F|  |TAMS 0x000000008ca00000, 0x000000008ca00000| Untracked 
| 149|0x000000008cb00000, 0x000000008cb00000, 0x000000008cc00000|  0%| F|  |TAMS 0x000000008cb00000, 0x000000008cb00000| Untracked 
| 150|0x000000008cc00000, 0x000000008cc00000, 0x000000008cd00000|  0%| F|  |TAMS 0x000000008cc00000, 0x000000008cc00000| Untracked 
| 151|0x000000008cd00000, 0x000000008cd00000, 0x000000008ce00000|  0%| F|  |TAMS 0x000000008cd00000, 0x000000008cd00000| Untracked 
| 152|0x000000008ce00000, 0x000000008ce00000, 0x000000008cf00000|  0%| F|  |TAMS 0x000000008ce00000, 0x000000008ce00000| Untracked 
| 153|0x000000008cf00000, 0x000000008cf00000, 0x000000008d000000|  0%| F|  |TAMS 0x000000008cf00000, 0x000000008cf00000| Untracked 
| 154|0x000000008d000000, 0x000000008d000000, 0x000000008d100000|  0%| F|  |TAMS 0x000000008d000000, 0x000000008d000000| Untracked 
| 155|0x000000008d100000, 0x000000008d100000, 0x000000008d200000|  0%| F|  |TAMS 0x000000008d100000, 0x000000008d100000| Untracked 
| 156|0x000000008d200000, 0x000000008d200000, 0x000000008d300000|  0%| F|  |TAMS 0x000000008d200000, 0x000000008d200000| Untracked 
| 157|0x000000008d300000, 0x000000008d300000, 0x000000008d400000|  0%| F|  |TAMS 0x000000008d300000, 0x000000008d300000| Untracked 
| 158|0x000000008d400000, 0x000000008d400000, 0x000000008d500000|  0%| F|  |TAMS 0x000000008d400000, 0x000000008d400000| Untracked 
| 159|0x000000008d500000, 0x000000008d500000, 0x000000008d600000|  0%| F|  |TAMS 0x000000008d500000, 0x000000008d500000| Untracked 
| 160|0x000000008d600000, 0x000000008d600000, 0x000000008d700000|  0%| F|  |TAMS 0x000000008d600000, 0x000000008d600000| Untracked 
| 161|0x000000008d700000, 0x000000008d700000, 0x000000008d800000|  0%| F|  |TAMS 0x000000008d700000, 0x000000008d700000| Untracked 
| 162|0x000000008d800000, 0x000000008d800000, 0x000000008d900000|  0%| F|  |TAMS 0x000000008d800000, 0x000000008d800000| Untracked 
| 163|0x000000008d900000, 0x000000008d900000, 0x000000008da00000|  0%| F|  |TAMS 0x000000008d900000, 0x000000008d900000| Untracked 
| 164|0x000000008da00000, 0x000000008da00000, 0x000000008db00000|  0%| F|  |TAMS 0x000000008da00000, 0x000000008da00000| Untracked 
| 165|0x000000008db00000, 0x000000008db00000, 0x000000008dc00000|  0%| F|  |TAMS 0x000000008db00000, 0x000000008db00000| Untracked 
| 166|0x000000008dc00000, 0x000000008dc00000, 0x000000008dd00000|  0%| F|  |TAMS 0x000000008dc00000, 0x000000008dc00000| Untracked 
| 167|0x000000008dd00000, 0x000000008dd00000, 0x000000008de00000|  0%| F|  |TAMS 0x000000008dd00000, 0x000000008dd00000| Untracked 
| 168|0x000000008de00000, 0x000000008de00000, 0x000000008df00000|  0%| F|  |TAMS 0x000000008de00000, 0x000000008de00000| Untracked 
| 169|0x000000008df00000, 0x000000008df00000, 0x000000008e000000|  0%| F|  |TAMS 0x000000008df00000, 0x000000008df00000| Untracked 
| 170|0x000000008e000000, 0x000000008e000000, 0x000000008e100000|  0%| F|  |TAMS 0x000000008e000000, 0x000000008e000000| Untracked 
| 171|0x000000008e100000, 0x000000008e100000, 0x000000008e200000|  0%| F|  |TAMS 0x000000008e100000, 0x000000008e100000| Untracked 
| 172|0x000000008e200000, 0x000000008e200000, 0x000000008e300000|  0%| F|  |TAMS 0x000000008e200000, 0x000000008e200000| Untracked 
| 173|0x000000008e300000, 0x000000008e300000, 0x000000008e400000|  0%| F|  |TAMS 0x000000008e300000, 0x000000008e300000| Untracked 
| 174|0x000000008e400000, 0x000000008e400000, 0x000000008e500000|  0%| F|  |TAMS 0x000000008e400000, 0x000000008e400000| Untracked 
| 175|0x000000008e500000, 0x000000008e500000, 0x000000008e600000|  0%| F|  |TAMS 0x000000008e500000, 0x000000008e500000| Untracked 
| 176|0x000000008e600000, 0x000000008e600000, 0x000000008e700000|  0%| F|  |TAMS 0x000000008e600000, 0x000000008e600000| Untracked 
| 177|0x000000008e700000, 0x000000008e700000, 0x000000008e800000|  0%| F|  |TAMS 0x000000008e700000, 0x000000008e700000| Untracked 
| 178|0x000000008e800000, 0x000000008e800000, 0x000000008e900000|  0%| F|  |TAMS 0x000000008e800000, 0x000000008e800000| Untracked 
| 179|0x000000008e900000, 0x000000008e900000, 0x000000008ea00000|  0%| F|  |TAMS 0x000000008e900000, 0x000000008e900000| Untracked 
| 180|0x000000008ea00000, 0x000000008ea00000, 0x000000008eb00000|  0%| F|  |TAMS 0x000000008ea00000, 0x000000008ea00000| Untracked 
| 181|0x000000008eb00000, 0x000000008eb00000, 0x000000008ec00000|  0%| F|  |TAMS 0x000000008eb00000, 0x000000008eb00000| Untracked 
| 182|0x000000008ec00000, 0x000000008ec00000, 0x000000008ed00000|  0%| F|  |TAMS 0x000000008ec00000, 0x000000008ec00000| Untracked 
| 183|0x000000008ed00000, 0x000000008ed00000, 0x000000008ee00000|  0%| F|  |TAMS 0x000000008ed00000, 0x000000008ed00000| Untracked 
| 184|0x000000008ee00000, 0x000000008ee00000, 0x000000008ef00000|  0%| F|  |TAMS 0x000000008ee00000, 0x000000008ee00000| Untracked 
| 185|0x000000008ef00000, 0x000000008ef00000, 0x000000008f000000|  0%| F|  |TAMS 0x000000008ef00000, 0x000000008ef00000| Untracked 
| 186|0x000000008f000000, 0x000000008f000000, 0x000000008f100000|  0%| F|  |TAMS 0x000000008f000000, 0x000000008f000000| Untracked 
| 187|0x000000008f100000, 0x000000008f100000, 0x000000008f200000|  0%| F|  |TAMS 0x000000008f100000, 0x000000008f100000| Untracked 
| 188|0x000000008f200000, 0x000000008f200000, 0x000000008f300000|  0%| F|  |TAMS 0x000000008f200000, 0x000000008f200000| Untracked 
| 189|0x000000008f300000, 0x000000008f300000, 0x000000008f400000|  0%| F|  |TAMS 0x000000008f300000, 0x000000008f300000| Untracked 
| 190|0x000000008f400000, 0x000000008f400000, 0x000000008f500000|  0%| F|  |TAMS 0x000000008f400000, 0x000000008f400000| Untracked 
| 191|0x000000008f500000, 0x000000008f500000, 0x000000008f600000|  0%| F|  |TAMS 0x000000008f500000, 0x000000008f500000| Untracked 
| 192|0x000000008f600000, 0x000000008f600000, 0x000000008f700000|  0%| F|  |TAMS 0x000000008f600000, 0x000000008f600000| Untracked 
| 193|0x000000008f700000, 0x000000008f700000, 0x000000008f800000|  0%| F|  |TAMS 0x000000008f700000, 0x000000008f700000| Untracked 
| 194|0x000000008f800000, 0x000000008f800000, 0x000000008f900000|  0%| F|  |TAMS 0x000000008f800000, 0x000000008f800000| Untracked 
| 195|0x000000008f900000, 0x000000008f900000, 0x000000008fa00000|  0%| F|  |TAMS 0x000000008f900000, 0x000000008f900000| Untracked 
| 196|0x000000008fa00000, 0x000000008fa00000, 0x000000008fb00000|  0%| F|  |TAMS 0x000000008fa00000, 0x000000008fa00000| Untracked 
| 197|0x000000008fb00000, 0x000000008fb00000, 0x000000008fc00000|  0%| F|  |TAMS 0x000000008fb00000, 0x000000008fb00000| Untracked 
| 198|0x000000008fc00000, 0x000000008fc00000, 0x000000008fd00000|  0%| F|  |TAMS 0x000000008fc00000, 0x000000008fc00000| Untracked 
| 199|0x000000008fd00000, 0x000000008fd00000, 0x000000008fe00000|  0%| F|  |TAMS 0x000000008fd00000, 0x000000008fd00000| Untracked 
| 200|0x000000008fe00000, 0x000000008fe00000, 0x000000008ff00000|  0%| F|  |TAMS 0x000000008fe00000, 0x000000008fe00000| Untracked 
| 201|0x000000008ff00000, 0x000000008ff00000, 0x0000000090000000|  0%| F|  |TAMS 0x000000008ff00000, 0x000000008ff00000| Untracked 
| 202|0x0000000090000000, 0x0000000090000000, 0x0000000090100000|  0%| F|  |TAMS 0x0000000090000000, 0x0000000090000000| Untracked 
| 203|0x0000000090100000, 0x0000000090100000, 0x0000000090200000|  0%| F|  |TAMS 0x0000000090100000, 0x0000000090100000| Untracked 
| 204|0x0000000090200000, 0x0000000090200000, 0x0000000090300000|  0%| F|  |TAMS 0x0000000090200000, 0x0000000090200000| Untracked 
| 205|0x0000000090300000, 0x0000000090300000, 0x0000000090400000|  0%| F|  |TAMS 0x0000000090300000, 0x0000000090300000| Untracked 
| 206|0x0000000090400000, 0x0000000090400000, 0x0000000090500000|  0%| F|  |TAMS 0x0000000090400000, 0x0000000090400000| Untracked 
| 207|0x0000000090500000, 0x0000000090500000, 0x0000000090600000|  0%| F|  |TAMS 0x0000000090500000, 0x0000000090500000| Untracked 
| 208|0x0000000090600000, 0x0000000090600000, 0x0000000090700000|  0%| F|  |TAMS 0x0000000090600000, 0x0000000090600000| Untracked 
| 209|0x0000000090700000, 0x0000000090700000, 0x0000000090800000|  0%| F|  |TAMS 0x0000000090700000, 0x0000000090700000| Untracked 
| 210|0x0000000090800000, 0x0000000090800000, 0x0000000090900000|  0%| F|  |TAMS 0x0000000090800000, 0x0000000090800000| Untracked 
| 211|0x0000000090900000, 0x0000000090900000, 0x0000000090a00000|  0%| F|  |TAMS 0x0000000090900000, 0x0000000090900000| Untracked 
| 212|0x0000000090a00000, 0x0000000090a00000, 0x0000000090b00000|  0%| F|  |TAMS 0x0000000090a00000, 0x0000000090a00000| Untracked 
| 213|0x0000000090b00000, 0x0000000090b00000, 0x0000000090c00000|  0%| F|  |TAMS 0x0000000090b00000, 0x0000000090b00000| Untracked 
| 214|0x0000000090c00000, 0x0000000090c00000, 0x0000000090d00000|  0%| F|  |TAMS 0x0000000090c00000, 0x0000000090c00000| Untracked 
| 215|0x0000000090d00000, 0x0000000090d00000, 0x0000000090e00000|  0%| F|  |TAMS 0x0000000090d00000, 0x0000000090d00000| Untracked 
| 216|0x0000000090e00000, 0x0000000090e00000, 0x0000000090f00000|  0%| F|  |TAMS 0x0000000090e00000, 0x0000000090e00000| Untracked 
| 217|0x0000000090f00000, 0x0000000090f00000, 0x0000000091000000|  0%| F|  |TAMS 0x0000000090f00000, 0x0000000090f00000| Untracked 
| 218|0x0000000091000000, 0x0000000091000000, 0x0000000091100000|  0%| F|  |TAMS 0x0000000091000000, 0x0000000091000000| Untracked 
| 219|0x0000000091100000, 0x0000000091100000, 0x0000000091200000|  0%| F|  |TAMS 0x0000000091100000, 0x0000000091100000| Untracked 
| 220|0x0000000091200000, 0x0000000091200000, 0x0000000091300000|  0%| F|  |TAMS 0x0000000091200000, 0x0000000091200000| Untracked 
| 221|0x0000000091300000, 0x0000000091300000, 0x0000000091400000|  0%| F|  |TAMS 0x0000000091300000, 0x0000000091300000| Untracked 
| 222|0x0000000091400000, 0x0000000091400000, 0x0000000091500000|  0%| F|  |TAMS 0x0000000091400000, 0x0000000091400000| Untracked 
| 223|0x0000000091500000, 0x0000000091500000, 0x0000000091600000|  0%| F|  |TAMS 0x0000000091500000, 0x0000000091500000| Untracked 
| 224|0x0000000091600000, 0x0000000091600000, 0x0000000091700000|  0%| F|  |TAMS 0x0000000091600000, 0x0000000091600000| Untracked 
| 225|0x0000000091700000, 0x0000000091700000, 0x0000000091800000|  0%| F|  |TAMS 0x0000000091700000, 0x0000000091700000| Untracked 
| 226|0x0000000091800000, 0x0000000091800000, 0x0000000091900000|  0%| F|  |TAMS 0x0000000091800000, 0x0000000091800000| Untracked 
| 227|0x0000000091900000, 0x0000000091900000, 0x0000000091a00000|  0%| F|  |TAMS 0x0000000091900000, 0x0000000091900000| Untracked 
| 228|0x0000000091a00000, 0x0000000091a00000, 0x0000000091b00000|  0%| F|  |TAMS 0x0000000091a00000, 0x0000000091a00000| Untracked 
| 229|0x0000000091b00000, 0x0000000091b00000, 0x0000000091c00000|  0%| F|  |TAMS 0x0000000091b00000, 0x0000000091b00000| Untracked 
| 230|0x0000000091c00000, 0x0000000091c00000, 0x0000000091d00000|  0%| F|  |TAMS 0x0000000091c00000, 0x0000000091c00000| Untracked 
| 231|0x0000000091d00000, 0x0000000091d00000, 0x0000000091e00000|  0%| F|  |TAMS 0x0000000091d00000, 0x0000000091d00000| Untracked 
| 232|0x0000000091e00000, 0x0000000091e00000, 0x0000000091f00000|  0%| F|  |TAMS 0x0000000091e00000, 0x0000000091e00000| Untracked 
| 233|0x0000000091f00000, 0x0000000091f00000, 0x0000000092000000|  0%| F|  |TAMS 0x0000000091f00000, 0x0000000091f00000| Untracked 
| 234|0x0000000092000000, 0x0000000092000000, 0x0000000092100000|  0%| F|  |TAMS 0x0000000092000000, 0x0000000092000000| Untracked 
| 235|0x0000000092100000, 0x0000000092100000, 0x0000000092200000|  0%| F|  |TAMS 0x0000000092100000, 0x0000000092100000| Untracked 
| 236|0x0000000092200000, 0x0000000092200000, 0x0000000092300000|  0%| F|  |TAMS 0x0000000092200000, 0x0000000092200000| Untracked 
| 237|0x0000000092300000, 0x0000000092300000, 0x0000000092400000|  0%| F|  |TAMS 0x0000000092300000, 0x0000000092300000| Untracked 
| 238|0x0000000092400000, 0x0000000092400000, 0x0000000092500000|  0%| F|  |TAMS 0x0000000092400000, 0x0000000092400000| Untracked 
| 239|0x0000000092500000, 0x0000000092500000, 0x0000000092600000|  0%| F|  |TAMS 0x0000000092500000, 0x0000000092500000| Untracked 
| 240|0x0000000092600000, 0x0000000092600000, 0x0000000092700000|  0%| F|  |TAMS 0x0000000092600000, 0x0000000092600000| Untracked 
| 241|0x0000000092700000, 0x0000000092700000, 0x0000000092800000|  0%| F|  |TAMS 0x0000000092700000, 0x0000000092700000| Untracked 
| 242|0x0000000092800000, 0x0000000092800000, 0x0000000092900000|  0%| F|  |TAMS 0x0000000092800000, 0x0000000092800000| Untracked 
| 243|0x0000000092900000, 0x0000000092900000, 0x0000000092a00000|  0%| F|  |TAMS 0x0000000092900000, 0x0000000092900000| Untracked 
| 244|0x0000000092a00000, 0x0000000092a00000, 0x0000000092b00000|  0%| F|  |TAMS 0x0000000092a00000, 0x0000000092a00000| Untracked 
| 245|0x0000000092b00000, 0x0000000092b00000, 0x0000000092c00000|  0%| F|  |TAMS 0x0000000092b00000, 0x0000000092b00000| Untracked 
| 246|0x0000000092c00000, 0x0000000092c00000, 0x0000000092d00000|  0%| F|  |TAMS 0x0000000092c00000, 0x0000000092c00000| Untracked 
| 247|0x0000000092d00000, 0x0000000092d00000, 0x0000000092e00000|  0%| F|  |TAMS 0x0000000092d00000, 0x0000000092d00000| Untracked 
| 248|0x0000000092e00000, 0x0000000092e00000, 0x0000000092f00000|  0%| F|  |TAMS 0x0000000092e00000, 0x0000000092e00000| Untracked 
| 249|0x0000000092f00000, 0x0000000092f00000, 0x0000000093000000|  0%| F|  |TAMS 0x0000000092f00000, 0x0000000092f00000| Untracked 
| 250|0x0000000093000000, 0x0000000093000000, 0x0000000093100000|  0%| F|  |TAMS 0x0000000093000000, 0x0000000093000000| Untracked 
| 251|0x0000000093100000, 0x0000000093100000, 0x0000000093200000|  0%| F|  |TAMS 0x0000000093100000, 0x0000000093100000| Untracked 
| 252|0x0000000093200000, 0x0000000093200000, 0x0000000093300000|  0%| F|  |TAMS 0x0000000093200000, 0x0000000093200000| Untracked 
| 253|0x0000000093300000, 0x0000000093300000, 0x0000000093400000|  0%| F|  |TAMS 0x0000000093300000, 0x0000000093300000| Untracked 
| 254|0x0000000093400000, 0x0000000093400000, 0x0000000093500000|  0%| F|  |TAMS 0x0000000093400000, 0x0000000093400000| Untracked 
| 255|0x0000000093500000, 0x0000000093500000, 0x0000000093600000|  0%| F|  |TAMS 0x0000000093500000, 0x0000000093500000| Untracked 
| 256|0x0000000093600000, 0x0000000093600000, 0x0000000093700000|  0%| F|  |TAMS 0x0000000093600000, 0x0000000093600000| Untracked 
| 257|0x0000000093700000, 0x0000000093700000, 0x0000000093800000|  0%| F|  |TAMS 0x0000000093700000, 0x0000000093700000| Untracked 
| 258|0x0000000093800000, 0x0000000093800000, 0x0000000093900000|  0%| F|  |TAMS 0x0000000093800000, 0x0000000093800000| Untracked 
| 259|0x0000000093900000, 0x0000000093900000, 0x0000000093a00000|  0%| F|  |TAMS 0x0000000093900000, 0x0000000093900000| Untracked 
| 260|0x0000000093a00000, 0x0000000093a00000, 0x0000000093b00000|  0%| F|  |TAMS 0x0000000093a00000, 0x0000000093a00000| Untracked 
| 261|0x0000000093b00000, 0x0000000093b00000, 0x0000000093c00000|  0%| F|  |TAMS 0x0000000093b00000, 0x0000000093b00000| Untracked 
| 262|0x0000000093c00000, 0x0000000093c00000, 0x0000000093d00000|  0%| F|  |TAMS 0x0000000093c00000, 0x0000000093c00000| Untracked 
| 263|0x0000000093d00000, 0x0000000093d00000, 0x0000000093e00000|  0%| F|  |TAMS 0x0000000093d00000, 0x0000000093d00000| Untracked 
| 264|0x0000000093e00000, 0x0000000093e00000, 0x0000000093f00000|  0%| F|  |TAMS 0x0000000093e00000, 0x0000000093e00000| Untracked 
| 265|0x0000000093f00000, 0x0000000093f00000, 0x0000000094000000|  0%| F|  |TAMS 0x0000000093f00000, 0x0000000093f00000| Untracked 
| 266|0x0000000094000000, 0x0000000094000000, 0x0000000094100000|  0%| F|  |TAMS 0x0000000094000000, 0x0000000094000000| Untracked 
| 267|0x0000000094100000, 0x0000000094100000, 0x0000000094200000|  0%| F|  |TAMS 0x0000000094100000, 0x0000000094100000| Untracked 
| 268|0x0000000094200000, 0x0000000094200000, 0x0000000094300000|  0%| F|  |TAMS 0x0000000094200000, 0x0000000094200000| Untracked 
| 269|0x0000000094300000, 0x0000000094300000, 0x0000000094400000|  0%| F|  |TAMS 0x0000000094300000, 0x0000000094300000| Untracked 
| 270|0x0000000094400000, 0x0000000094400000, 0x0000000094500000|  0%| F|  |TAMS 0x0000000094400000, 0x0000000094400000| Untracked 
| 271|0x0000000094500000, 0x0000000094500000, 0x0000000094600000|  0%| F|  |TAMS 0x0000000094500000, 0x0000000094500000| Untracked 
| 272|0x0000000094600000, 0x0000000094600000, 0x0000000094700000|  0%| F|  |TAMS 0x0000000094600000, 0x0000000094600000| Untracked 
| 273|0x0000000094700000, 0x0000000094700000, 0x0000000094800000|  0%| F|  |TAMS 0x0000000094700000, 0x0000000094700000| Untracked 
| 274|0x0000000094800000, 0x0000000094800000, 0x0000000094900000|  0%| F|  |TAMS 0x0000000094800000, 0x0000000094800000| Untracked 
| 275|0x0000000094900000, 0x0000000094900000, 0x0000000094a00000|  0%| F|  |TAMS 0x0000000094900000, 0x0000000094900000| Untracked 
| 276|0x0000000094a00000, 0x0000000094a00000, 0x0000000094b00000|  0%| F|  |TAMS 0x0000000094a00000, 0x0000000094a00000| Untracked 
| 277|0x0000000094b00000, 0x0000000094b00000, 0x0000000094c00000|  0%| F|  |TAMS 0x0000000094b00000, 0x0000000094b00000| Untracked 
| 278|0x0000000094c00000, 0x0000000094c00000, 0x0000000094d00000|  0%| F|  |TAMS 0x0000000094c00000, 0x0000000094c00000| Untracked 
| 279|0x0000000094d00000, 0x0000000094d00000, 0x0000000094e00000|  0%| F|  |TAMS 0x0000000094d00000, 0x0000000094d00000| Untracked 
| 280|0x0000000094e00000, 0x0000000094e00000, 0x0000000094f00000|  0%| F|  |TAMS 0x0000000094e00000, 0x0000000094e00000| Untracked 
| 281|0x0000000094f00000, 0x0000000094f00000, 0x0000000095000000|  0%| F|  |TAMS 0x0000000094f00000, 0x0000000094f00000| Untracked 
| 282|0x0000000095000000, 0x0000000095000000, 0x0000000095100000|  0%| F|  |TAMS 0x0000000095000000, 0x0000000095000000| Untracked 
| 283|0x0000000095100000, 0x0000000095100000, 0x0000000095200000|  0%| F|  |TAMS 0x0000000095100000, 0x0000000095100000| Untracked 
| 284|0x0000000095200000, 0x0000000095200000, 0x0000000095300000|  0%| F|  |TAMS 0x0000000095200000, 0x0000000095200000| Untracked 
| 285|0x0000000095300000, 0x0000000095300000, 0x0000000095400000|  0%| F|  |TAMS 0x0000000095300000, 0x0000000095300000| Untracked 
| 286|0x0000000095400000, 0x0000000095400000, 0x0000000095500000|  0%| F|  |TAMS 0x0000000095400000, 0x0000000095400000| Untracked 
| 287|0x0000000095500000, 0x0000000095600000, 0x0000000095600000|100%| E|  |TAMS 0x0000000095500000, 0x0000000095500000| Complete 
| 288|0x0000000095600000, 0x0000000095700000, 0x0000000095700000|100%| E|CS|TAMS 0x0000000095600000, 0x0000000095600000| Complete 
| 289|0x0000000095700000, 0x0000000095800000, 0x0000000095800000|100%| E|CS|TAMS 0x0000000095700000, 0x0000000095700000| Complete 
| 290|0x0000000095800000, 0x0000000095900000, 0x0000000095900000|100%| E|CS|TAMS 0x0000000095800000, 0x0000000095800000| Complete 
| 291|0x0000000095900000, 0x0000000095a00000, 0x0000000095a00000|100%| E|CS|TAMS 0x0000000095900000, 0x0000000095900000| Complete 
| 292|0x0000000095a00000, 0x0000000095b00000, 0x0000000095b00000|100%| E|CS|TAMS 0x0000000095a00000, 0x0000000095a00000| Complete 
| 293|0x0000000095b00000, 0x0000000095c00000, 0x0000000095c00000|100%| E|CS|TAMS 0x0000000095b00000, 0x0000000095b00000| Complete 
| 294|0x0000000095c00000, 0x0000000095d00000, 0x0000000095d00000|100%| E|CS|TAMS 0x0000000095c00000, 0x0000000095c00000| Complete 
| 295|0x0000000095d00000, 0x0000000095e00000, 0x0000000095e00000|100%| E|CS|TAMS 0x0000000095d00000, 0x0000000095d00000| Complete 
| 296|0x0000000095e00000, 0x0000000095f00000, 0x0000000095f00000|100%| E|CS|TAMS 0x0000000095e00000, 0x0000000095e00000| Complete 
| 297|0x0000000095f00000, 0x0000000095fdd1f0, 0x0000000096000000| 86%| S|CS|TAMS 0x0000000095f00000, 0x0000000095f00000| Complete 
| 298|0x0000000096000000, 0x0000000096100000, 0x0000000096100000|100%| S|CS|TAMS 0x0000000096000000, 0x0000000096000000| Complete 
| 299|0x0000000096100000, 0x0000000096200000, 0x0000000096200000|100%| E|CS|TAMS 0x0000000096100000, 0x0000000096100000| Complete 

Card table byte_map: [0x000001a543820000,0x000001a543c10000] _byte_map_base: 0x000001a543405000

Marking Bits (Prev, Next): (CMBitMap*) 0x000001a52c895880, (CMBitMap*) 0x000001a52c895840
 Prev Bits: [0x000001a545f30000, 0x000001a547e58000)
 Next Bits: [0x000001a544000000, 0x000001a545f28000)

Polling page: 0x000001a52a840000

Metaspace:

Usage:
  Non-class:     48.00 MB used.
      Class:      6.05 MB used.
       Both:     54.05 MB used.

Virtual space:
  Non-class space:       64.00 MB reserved,      48.12 MB ( 75%) committed,  1 nodes.
      Class space:        1.00 GB reserved,       6.19 MB ( <1%) committed,  1 nodes.
             Both:        1.06 GB reserved,      54.31 MB (  5%) committed. 

Chunk freelists:
   Non-Class:  14.83 MB
       Class:  9.83 MB
        Both:  24.66 MB

MaxMetaspaceSize: unlimited
CompressedClassSpaceSize: 1.00 GB
Initial GC threshold: 21.00 MB
Current GC threshold: 81.56 MB
CDS: on
MetaspaceReclaimPolicy: balanced
 - commit_granule_bytes: 65536.
 - commit_granule_words: 8192.
 - virtual_space_node_default_size: 8388608.
 - enlarge_chunks_in_place: 1.
 - new_chunks_are_fully_committed: 0.
 - uncommit_free_chunks: 1.
 - use_allocation_guard: 0.
 - handle_deallocations: 1.


Internal statistics:

num_allocs_failed_limit: 6.
num_arena_births: 310.
num_arena_deaths: 0.
num_vsnodes_births: 2.
num_vsnodes_deaths: 0.
num_space_committed: 867.
num_space_uncommitted: 0.
num_chunks_returned_to_freelist: 6.
num_chunks_taken_from_freelist: 2376.
num_chunk_merges: 6.
num_chunk_splits: 1847.
num_chunks_enlarged: 1586.
num_inconsistent_stats: 0.

CodeHeap 'non-profiled nmethods': size=120000Kb used=6967Kb max_used=6967Kb free=113033Kb
 bounds [0x000001a53bbd0000, 0x000001a53c2c0000, 0x000001a543100000]
CodeHeap 'profiled nmethods': size=120000Kb used=29541Kb max_used=29541Kb free=90458Kb
 bounds [0x000001a534100000, 0x000001a535de0000, 0x000001a53b630000]
CodeHeap 'non-nmethods': size=5760Kb used=1311Kb max_used=1391Kb free=4448Kb
 bounds [0x000001a53b630000, 0x000001a53b8a0000, 0x000001a53bbd0000]
 total_blobs=10958 nmethods=10353 adapters=515
 compilation: enabled
              stopped_count=0, restarted_count=0
 full_count=0

Compilation events (20 events):
Event: 36.730 Thread 0x000001a54a87aa70 13013       2       kotlin.collections.ArraysKt___ArraysKt::filterNotNull (24 bytes)
Event: 36.730 Thread 0x000001a54a87aa70 nmethod 13013 0x000001a535dd4c10 code [0x000001a535dd4e00, 0x000001a535dd51c8]
Event: 36.780 Thread 0x000001a593d48070 nmethod 13002 0x000001a53bf31910 code [0x000001a53bf31da0, 0x000001a53bf34790]
Event: 36.780 Thread 0x000001a593d48070 13011       4       org.jetbrains.kotlin.resolve.DescriptorUtils::getContainingModuleOrNull (54 bytes)
Event: 36.781 Thread 0x000001a593d48070 nmethod 13011 0x000001a53bf31510 code [0x000001a53bf316a0, 0x000001a53bf317f8]
Event: 36.781 Thread 0x000001a593d48070 13000       4       org.jetbrains.kotlin.resolve.calls.components.ClassicTypeSystemContextForCS::lowerBound (6 bytes)
Event: 36.782 Thread 0x000001a593d48070 nmethod 13000 0x000001a53bf31190 code [0x000001a53bf31300, 0x000001a53bf313d8]
Event: 36.782 Thread 0x000001a593d48070 13005       4       org.jetbrains.kotlin.types.model.TypeSystemContext::isFlexible (22 bytes)
Event: 36.783 Thread 0x000001a593d48070 nmethod 13005 0x000001a53bf30d10 code [0x000001a53bf30ea0, 0x000001a53bf30ff8]
Event: 36.783 Thread 0x000001a593d48070 13001       4       org.jetbrains.kotlin.resolve.calls.inference.model.NewConstraintSystemImpl::lowerBoundIfFlexible (18 bytes)
Event: 36.786 Thread 0x000001a593d48070 nmethod 13001 0x000001a53bf30690 code [0x000001a53bf30820, 0x000001a53bf30a58]
Event: 36.786 Thread 0x000001a593d48070 12988       4       org.jetbrains.kotlin.load.java.structure.impl.classFiles.BinaryJavaAnnotation::<init> (43 bytes)
Event: 36.793 Thread 0x000001a593d48070 nmethod 12988 0x000001a53bf2f910 code [0x000001a53bf2fac0, 0x000001a53bf30238]
Event: 36.888 Thread 0x000001a593d48070 13014       4       org.jetbrains.kotlin.load.java.typeEnhancement.AbstractSignatureParts::mostSpecific (84 bytes)
Event: 36.889 Thread 0x000001a593d48070 nmethod 13014 0x000001a53c283910 code [0x000001a53c283a80, 0x000001a53c283b18]
Event: 36.889 Thread 0x000001a54a87aa70 13015       3       gnu.trove.THashMap$MapBackedView::size (8 bytes)
Event: 36.889 Thread 0x000001a54a87aa70 nmethod 13015 0x000001a53561d910 code [0x000001a53561daa0, 0x000001a53561dc58]
Event: 36.891 Thread 0x000001a593d48070 13016       4       org.jetbrains.kotlin.types.checker.SimpleClassicTypeSystemContext::asDefinitelyNotNullType (6 bytes)
Event: 36.892 Thread 0x000001a593d48070 nmethod 13016 0x000001a53c283590 code [0x000001a53c283720, 0x000001a53c2837f8]
Event: 36.893 Thread 0x000001a593d48070 13017       4       org.jetbrains.kotlin.load.java.lazy.descriptors.ClassDeclaredMemberIndex$methodFilter$1::invoke (9 bytes)

GC Heap History (20 events):
Event: 26.638 GC heap before
{Heap before GC invocations=13 (full 0):
 garbage-first heap   total 116736K, used 88061K [0x0000000083600000, 0x0000000100000000)
  region size 1024K, 38 young (38912K), 6 survivors (6144K)
 Metaspace       used 48259K, committed 48512K, reserved 1114112K
  class space    used 5610K, committed 5760K, reserved 1048576K
}
Event: 26.663 GC heap after
{Heap after GC invocations=14 (full 0):
 garbage-first heap   total 116736K, used 61949K [0x0000000083600000, 0x0000000100000000)
  region size 1024K, 5 young (5120K), 5 survivors (5120K)
 Metaspace       used 48259K, committed 48512K, reserved 1114112K
  class space    used 5610K, committed 5760K, reserved 1048576K
}
Event: 27.131 GC heap before
{Heap before GC invocations=14 (full 0):
 garbage-first heap   total 116736K, used 90621K [0x0000000083600000, 0x0000000100000000)
  region size 1024K, 33 young (33792K), 5 survivors (5120K)
 Metaspace       used 48515K, committed 48768K, reserved 1114112K
  class space    used 5638K, committed 5760K, reserved 1048576K
}
Event: 27.153 GC heap after
{Heap after GC invocations=15 (full 0):
 garbage-first heap   total 140288K, used 67581K [0x0000000083600000, 0x0000000100000000)
  region size 1024K, 5 young (5120K), 5 survivors (5120K)
 Metaspace       used 48515K, committed 48768K, reserved 1114112K
  class space    used 5638K, committed 5760K, reserved 1048576K
}
Event: 27.583 GC heap before
{Heap before GC invocations=16 (full 0):
 garbage-first heap   total 140288K, used 106493K [0x0000000083600000, 0x0000000100000000)
  region size 1024K, 43 young (44032K), 5 survivors (5120K)
 Metaspace       used 48619K, committed 48896K, reserved 1114112K
  class space    used 5639K, committed 5760K, reserved 1048576K
}
Event: 27.598 GC heap after
{Heap after GC invocations=17 (full 0):
 garbage-first heap   total 140288K, used 74993K [0x0000000083600000, 0x0000000100000000)
  region size 1024K, 6 young (6144K), 6 survivors (6144K)
 Metaspace       used 48619K, committed 48896K, reserved 1114112K
  class space    used 5639K, committed 5760K, reserved 1048576K
}
Event: 27.615 GC heap before
{Heap before GC invocations=17 (full 0):
 garbage-first heap   total 140288K, used 76017K [0x0000000083600000, 0x0000000100000000)
  region size 1024K, 7 young (7168K), 6 survivors (6144K)
 Metaspace       used 48623K, committed 48896K, reserved 1114112K
  class space    used 5639K, committed 5760K, reserved 1048576K
}
Event: 27.623 GC heap after
{Heap after GC invocations=18 (full 0):
 garbage-first heap   total 140288K, used 75261K [0x0000000083600000, 0x0000000100000000)
  region size 1024K, 1 young (1024K), 1 survivors (1024K)
 Metaspace       used 48623K, committed 48896K, reserved 1114112K
  class space    used 5639K, committed 5760K, reserved 1048576K
}
Event: 27.964 GC heap before
{Heap before GC invocations=18 (full 0):
 garbage-first heap   total 140288K, used 109053K [0x0000000083600000, 0x0000000100000000)
  region size 1024K, 34 young (34816K), 1 survivors (1024K)
 Metaspace       used 48733K, committed 48960K, reserved 1114112K
  class space    used 5643K, committed 5760K, reserved 1048576K
}
Event: 27.974 GC heap after
{Heap after GC invocations=19 (full 0):
 garbage-first heap   total 140288K, used 81405K [0x0000000083600000, 0x0000000100000000)
  region size 1024K, 5 young (5120K), 5 survivors (5120K)
 Metaspace       used 48733K, committed 48960K, reserved 1114112K
  class space    used 5643K, committed 5760K, reserved 1048576K
}
Event: 28.203 GC heap before
{Heap before GC invocations=20 (full 0):
 garbage-first heap   total 147456K, used 111101K [0x0000000083600000, 0x0000000100000000)
  region size 1024K, 34 young (34816K), 5 survivors (5120K)
 Metaspace       used 48988K, committed 49280K, reserved 1114112K
  class space    used 5667K, committed 5824K, reserved 1048576K
}
Event: 28.213 GC heap after
{Heap after GC invocations=21 (full 0):
 garbage-first heap   total 147456K, used 83604K [0x0000000083600000, 0x0000000100000000)
  region size 1024K, 2 young (2048K), 2 survivors (2048K)
 Metaspace       used 48988K, committed 49280K, reserved 1114112K
  class space    used 5667K, committed 5824K, reserved 1048576K
}
Event: 28.235 GC heap before
{Heap before GC invocations=21 (full 0):
 garbage-first heap   total 147456K, used 88724K [0x0000000083600000, 0x0000000100000000)
  region size 1024K, 7 young (7168K), 2 survivors (2048K)
 Metaspace       used 48991K, committed 49280K, reserved 1114112K
  class space    used 5667K, committed 5824K, reserved 1048576K
}
Event: 28.237 GC heap after
{Heap after GC invocations=22 (full 0):
 garbage-first heap   total 147456K, used 82704K [0x0000000083600000, 0x0000000100000000)
  region size 1024K, 1 young (1024K), 1 survivors (1024K)
 Metaspace       used 48991K, committed 49280K, reserved 1114112K
  class space    used 5667K, committed 5824K, reserved 1048576K
}
Event: 28.638 GC heap before
{Heap before GC invocations=22 (full 0):
 garbage-first heap   total 147456K, used 116496K [0x0000000083600000, 0x0000000100000000)
  region size 1024K, 34 young (34816K), 1 survivors (1024K)
 Metaspace       used 49469K, committed 49728K, reserved 1114112K
  class space    used 5709K, committed 5824K, reserved 1048576K
}
Event: 28.643 GC heap after
{Heap after GC invocations=23 (full 0):
 garbage-first heap   total 307200K, used 83894K [0x0000000083600000, 0x0000000100000000)
  region size 1024K, 2 young (2048K), 2 survivors (2048K)
 Metaspace       used 49469K, committed 49728K, reserved 1114112K
  class space    used 5709K, committed 5824K, reserved 1048576K
}
Event: 35.903 GC heap before
{Heap before GC invocations=24 (full 0):
 garbage-first heap   total 307200K, used 227254K [0x0000000083600000, 0x0000000100000000)
  region size 1024K, 141 young (144384K), 2 survivors (2048K)
 Metaspace       used 55070K, committed 55360K, reserved 1114112K
  class space    used 6171K, committed 6336K, reserved 1048576K
}
Event: 35.920 GC heap after
{Heap after GC invocations=25 (full 0):
 garbage-first heap   total 307200K, used 96078K [0x0000000083600000, 0x0000000100000000)
  region size 1024K, 14 young (14336K), 14 survivors (14336K)
 Metaspace       used 55070K, committed 55360K, reserved 1114112K
  class space    used 6171K, committed 6336K, reserved 1048576K
}
Event: 35.963 GC heap before
{Heap before GC invocations=25 (full 0):
 garbage-first heap   total 307200K, used 97102K [0x0000000083600000, 0x0000000100000000)
  region size 1024K, 15 young (15360K), 14 survivors (14336K)
 Metaspace       used 55113K, committed 55424K, reserved 1114112K
  class space    used 6171K, committed 6336K, reserved 1048576K
}
Event: 35.983 GC heap after
{Heap after GC invocations=26 (full 0):
 garbage-first heap   total 307200K, used 97055K [0x0000000083600000, 0x0000000100000000)
  region size 1024K, 2 young (2048K), 2 survivors (2048K)
 Metaspace       used 55113K, committed 55424K, reserved 1114112K
  class space    used 6171K, committed 6336K, reserved 1048576K
}

Deoptimization events (20 events):
Event: 36.465 Thread 0x000001a52c83c010 Uncommon trap: trap_request=0xffffff45 fr.pc=0x000001a53c1669f0 relative=0x0000000000002150
Event: 36.465 Thread 0x000001a52c83c010 Uncommon trap: reason=unstable_if action=reinterpret pc=0x000001a53c1669f0 method=org.jetbrains.kotlin.types.TypeSubstitutor.unsafeSubstitute(Lorg/jetbrains/kotlin/types/TypeProjection;Lorg/jetbrains/kotlin/descriptors/TypeParameterDescriptor;I)Lorg/jetbr
Event: 36.469 Thread 0x000001a52c83c010 DEOPT PACKING pc=0x000001a53c1669f0 sp=0x00000088c01fa5b0
Event: 36.469 Thread 0x000001a52c83c010 DEOPT UNPACKING pc=0x000001a53b685ba3 sp=0x00000088c01fa578 mode 2
Event: 36.501 Thread 0x000001a52c83c010 Uncommon trap: trap_request=0xffffff45 fr.pc=0x000001a53c26fddc relative=0x000000000000027c
Event: 36.501 Thread 0x000001a52c83c010 Uncommon trap: reason=unstable_if action=reinterpret pc=0x000001a53c26fddc method=org.jetbrains.kotlin.resolve.calls.tower.ImplicitScopeTowerKt.getResultApplicabilityForCallDiagnostics(Ljava/util/Collection;)Lorg/jetbrains/kotlin/resolve/calls/tower/Candi
Event: 36.501 Thread 0x000001a52c83c010 DEOPT PACKING pc=0x000001a53c26fddc sp=0x00000088c01fca10
Event: 36.501 Thread 0x000001a52c83c010 DEOPT UNPACKING pc=0x000001a53b685ba3 sp=0x00000088c01fc978 mode 2
Event: 36.501 Thread 0x000001a52c83c010 Uncommon trap: trap_request=0xffffff45 fr.pc=0x000001a53c128ed4 relative=0x00000000000002f4
Event: 36.501 Thread 0x000001a52c83c010 Uncommon trap: reason=unstable_if action=reinterpret pc=0x000001a53c128ed4 method=org.jetbrains.kotlin.resolve.calls.tower.ImplicitScopeTowerKt.getResultApplicabilityForCallDiagnostics(Ljava/util/Collection;)Lorg/jetbrains/kotlin/resolve/calls/tower/Candi
Event: 36.501 Thread 0x000001a52c83c010 DEOPT PACKING pc=0x000001a53c128ed4 sp=0x00000088c01fc4d0
Event: 36.501 Thread 0x000001a52c83c010 DEOPT UNPACKING pc=0x000001a53b685ba3 sp=0x00000088c01fc3d8 mode 2
Event: 36.512 Thread 0x000001a52c83c010 Uncommon trap: trap_request=0xffffff66 fr.pc=0x000001a53c2b0f64 relative=0x0000000000006ba4
Event: 36.512 Thread 0x000001a52c83c010 Uncommon trap: reason=speculate_class_check action=maybe_recompile pc=0x000001a53c2b0f64 method=org.jetbrains.kotlin.types.model.TypeSystemCommonSuperTypesContext.typeDepth(Lorg/jetbrains/kotlin/types/model/KotlinTypeMarker;)I @ 9 c2
Event: 36.512 Thread 0x000001a52c83c010 DEOPT PACKING pc=0x000001a53c2b0f64 sp=0x00000088c01fab80
Event: 36.512 Thread 0x000001a52c83c010 DEOPT UNPACKING pc=0x000001a53b685ba3 sp=0x00000088c01faa00 mode 2
Event: 36.835 Thread 0x000001a52c83c010 Uncommon trap: trap_request=0xfffffff4 fr.pc=0x000001a53c1bf614 relative=0x0000000000003314
Event: 36.835 Thread 0x000001a52c83c010 Uncommon trap: reason=null_check action=make_not_entrant pc=0x000001a53c1bf614 method=org.jetbrains.kotlin.types.TypeAttributes.add(Lorg/jetbrains/kotlin/types/TypeAttributes;)Lorg/jetbrains/kotlin/types/TypeAttributes; @ 101 c2
Event: 36.835 Thread 0x000001a52c83c010 DEOPT PACKING pc=0x000001a53c1bf614 sp=0x00000088c01f9dd0
Event: 36.835 Thread 0x000001a52c83c010 DEOPT UNPACKING pc=0x000001a53b685ba3 sp=0x00000088c01f9c68 mode 2

Classes unloaded (0 events):
No events

Classes redefined (0 events):
No events

Internal exceptions (20 events):
Event: 25.265 Thread 0x000001a52c83c010 Exception <a 'java/lang/NoSuchMethodError'{0x00000000897cd210}: 'java.lang.Object java.lang.invoke.DirectMethodHandle$Holder.newInvokeSpecial(java.lang.Object, int, java.lang.Object, java.lang.Object)'> (0x00000000897cd210) 
thrown [s\open\src\hotspot\share\interpreter\linkResolver.cpp, line 759]
Event: 25.266 Thread 0x000001a52c83c010 Exception <a 'java/lang/NoSuchMethodError'{0x00000000897d1960}: 'java.lang.Object java.lang.invoke.DirectMethodHandle$Holder.invokeSpecial(java.lang.Object, java.lang.Object, int, java.lang.Object, java.lang.Object)'> (0x00000000897d1960) 
thrown [s\open\src\hotspot\share\interpreter\linkResolver.cpp, line 759]
Event: 25.268 Thread 0x000001a52c83c010 Implicit null exception at 0x000001a53bf5be53 to 0x000001a53bf5befa
Event: 25.390 Thread 0x000001a52c83c010 Implicit null exception at 0x000001a53bfa53bc to 0x000001a53bfa6384
Event: 25.406 Thread 0x000001a52c83c010 Exception <a 'java/lang/NoSuchMethodError'{0x00000000892072b0}: 'java.lang.Object java.lang.invoke.DirectMethodHandle$Holder.invokeSpecial(java.lang.Object, java.lang.Object, java.lang.Object, java.lang.Object, java.lang.Object, java.lang.Object, int)'> (0x00000000892072b0) 
thrown [s\open\src\hotspot\share\interpreter\linkResolver.cpp, line 759]
Event: 26.798 Thread 0x000001a52c83c010 Exception <a 'java/lang/NoSuchMethodError'{0x0000000089e83cf8}: 'java.lang.Object java.lang.invoke.DirectMethodHandle$Holder.invokeStatic(java.lang.Object, int, java.lang.Object)'> (0x0000000089e83cf8) 
thrown [s\open\src\hotspot\share\interpreter\linkResolver.cpp, line 759]
Event: 28.155 Thread 0x000001a52c83c010 Implicit null exception at 0x000001a53bd8f991 to 0x000001a53bd8fa80
Event: 28.155 Thread 0x000001a52c83c010 Implicit null exception at 0x000001a53bd7f358 to 0x000001a53bd7f3ee
Event: 28.161 Thread 0x000001a52c83c010 Implicit null exception at 0x000001a53bc0160f to 0x000001a53bc01689
Event: 28.392 Thread 0x000001a52c83c010 Implicit null exception at 0x000001a53be8b3f1 to 0x000001a53be8ea23
Event: 28.716 Thread 0x000001a52c83c010 Exception <a 'java/lang/NoSuchMethodError'{0x0000000095c94900}: 'java.lang.Object java.lang.invoke.DirectMethodHandle$Holder.newInvokeSpecial(java.lang.Object, java.lang.Object, java.lang.Object, java.lang.Object, java.lang.Object, java.lang.Object, java.lang.Object)'> (0x0000000095c94900) 
thrown [s\open\src\hotspot\share\interpreter\linkResolver.cpp, line 759]
Event: 28.716 Thread 0x000001a52c83c010 Exception <a 'java/lang/NoSuchMethodError'{0x0000000095c994b8}: 'java.lang.Object java.lang.invoke.Invokers$Holder.linkToTargetMethod(java.lang.Object, java.lang.Object, java.lang.Object, java.lang.Object, java.lang.Object, java.lang.Object, java.lang.Object)'> (0x0000000095c994b8) 
thrown [s\open\src\hotspot\share\interpreter\linkResolver.cpp, line 759]
Event: 28.799 Thread 0x000001a52c83c010 Exception <a 'java/lang/NoSuchMethodError'{0x0000000095631940}: 'int java.lang.invoke.DirectMethodHandle$Holder.invokeStaticInit(java.lang.Object, int)'> (0x0000000095631940) 
thrown [s\open\src\hotspot\share\interpreter\linkResolver.cpp, line 759]
Event: 29.258 Thread 0x000001a52c83c010 Implicit null exception at 0x000001a53c12fe4f to 0x000001a53c1349c0
Event: 29.264 Thread 0x000001a52c83c010 Implicit null exception at 0x000001a53c114c03 to 0x000001a53c114ef4
Event: 30.092 Thread 0x000001a52c83c010 Exception <a 'java/lang/NoSuchMethodError'{0x00000000920ff9a8}: 'java.lang.Object java.lang.invoke.DirectMethodHandle$Holder.invokeInterface(java.lang.Object, java.lang.Object, java.lang.Object)'> (0x00000000920ff9a8) 
thrown [s\open\src\hotspot\share\interpreter\linkResolver.cpp, line 759]
Event: 30.093 Thread 0x000001a52c83c010 Exception <a 'java/lang/IncompatibleClassChangeError'{0x0000000091f037d8}: Found class java.lang.Object, but interface was expected> (0x0000000091f037d8) 
thrown [s\open\src\hotspot\share\interpreter\linkResolver.cpp, line 826]
Event: 32.238 Thread 0x000001a52c83c010 Implicit null exception at 0x000001a53c164a78 to 0x000001a53c169318
Event: 34.570 Thread 0x000001a52c83c010 Implicit null exception at 0x000001a53c291760 to 0x000001a53c29330c
Event: 36.835 Thread 0x000001a52c83c010 Implicit null exception at 0x000001a53c1bc9b0 to 0x000001a53c1bf5e8

VM Operations (20 events):
Event: 34.777 Executing VM operation: HandshakeAllThreads
Event: 34.777 Executing VM operation: HandshakeAllThreads done
Event: 34.980 Executing VM operation: ICBufferFull
Event: 34.980 Executing VM operation: ICBufferFull done
Event: 35.340 Executing VM operation: ICBufferFull
Event: 35.340 Executing VM operation: ICBufferFull done
Event: 35.602 Executing VM operation: ICBufferFull
Event: 35.602 Executing VM operation: ICBufferFull done
Event: 35.903 Executing VM operation: ICBufferFull
Event: 35.903 Executing VM operation: ICBufferFull done
Event: 35.903 Executing VM operation: G1CollectForAllocation
Event: 35.920 Executing VM operation: G1CollectForAllocation done
Event: 35.963 Executing VM operation: G1CollectForAllocation
Event: 35.983 Executing VM operation: G1CollectForAllocation done
Event: 36.295 Executing VM operation: ICBufferFull
Event: 36.295 Executing VM operation: ICBufferFull done
Event: 36.307 Executing VM operation: HandshakeAllThreads
Event: 36.307 Executing VM operation: HandshakeAllThreads done
Event: 36.604 Executing VM operation: ICBufferFull
Event: 36.604 Executing VM operation: ICBufferFull done

Events (20 events):
Event: 36.316 Thread 0x000001a54a8c7f40 flushing nmethod 0x000001a534941f10
Event: 36.316 Thread 0x000001a54a8c7f40 flushing nmethod 0x000001a534945b90
Event: 36.318 Thread 0x000001a54a8c7f40 flushing nmethod 0x000001a534bf9590
Event: 36.319 Thread 0x000001a54a8c7f40 flushing nmethod 0x000001a534dd2790
Event: 36.320 Thread 0x000001a54a8c7f40 flushing nmethod 0x000001a534f46a90
Event: 36.321 Thread 0x000001a54a8c7f40 flushing nmethod 0x000001a5351f0210
Event: 36.322 Thread 0x000001a54a8c7f40 flushing nmethod 0x000001a535288290
Event: 36.322 Thread 0x000001a54a8c7f40 flushing nmethod 0x000001a535357290
Event: 36.323 Thread 0x000001a54a8c7f40 flushing nmethod 0x000001a5353fc510
Event: 36.323 Thread 0x000001a54a8c7f40 flushing nmethod 0x000001a535404e90
Event: 36.323 Thread 0x000001a54a8c7f40 flushing nmethod 0x000001a53544d710
Event: 36.323 Thread 0x000001a54a8c7f40 flushing nmethod 0x000001a535473f10
Event: 36.323 Thread 0x000001a54a8c7f40 flushing nmethod 0x000001a5354bb810
Event: 36.324 Thread 0x000001a54a8c7f40 flushing nmethod 0x000001a53555fd10
Event: 36.324 Thread 0x000001a54a8c7f40 flushing nmethod 0x000001a535564f10
Event: 36.324 Thread 0x000001a54a8c7f40 flushing nmethod 0x000001a5355bb210
Event: 36.324 Thread 0x000001a54a8c7f40 flushing nmethod 0x000001a5355cf890
Event: 36.324 Thread 0x000001a54a8c7f40 flushing nmethod 0x000001a5355d3310
Event: 36.324 Thread 0x000001a54a8c7f40 flushing nmethod 0x000001a5355d3710
Event: 36.324 Thread 0x000001a54a8c7f40 flushing nmethod 0x000001a5355d8710


Dynamic libraries:
0x00007ff7488a0000 - 0x00007ff7488b0000 	C:\Program Files\Java\jdk-17\bin\java.exe
0x00007ffdd8bd0000 - 0x00007ffdd8dc8000 	C:\Windows\SYSTEM32\ntdll.dll
0x00007ffdd6de0000 - 0x00007ffdd6ea2000 	C:\Windows\System32\KERNEL32.DLL
0x00007ffdd6320000 - 0x00007ffdd6616000 	C:\Windows\System32\KERNELBASE.dll
0x00007ffdd6b00000 - 0x00007ffdd6c00000 	C:\Windows\System32\ucrtbase.dll
0x00007ffd63aa0000 - 0x00007ffd63ab9000 	C:\Program Files\Java\jdk-17\bin\jli.dll
0x00007ffdd8370000 - 0x00007ffdd8421000 	C:\Windows\System32\ADVAPI32.dll
0x00007ffdd7a60000 - 0x00007ffdd7afe000 	C:\Windows\System32\msvcrt.dll
0x00007ffdd7820000 - 0x00007ffdd78bf000 	C:\Windows\System32\sechost.dll
0x00007ffdd6eb0000 - 0x00007ffdd6fd0000 	C:\Windows\System32\RPCRT4.dll
0x00007ffdd6700000 - 0x00007ffdd6727000 	C:\Windows\System32\bcrypt.dll
0x00007ffdd7450000 - 0x00007ffdd75ed000 	C:\Windows\System32\USER32.dll
0x00007ffdd68d0000 - 0x00007ffdd68f2000 	C:\Windows\System32\win32u.dll
0x00007ffdd6d50000 - 0x00007ffdd6d7b000 	C:\Windows\System32\GDI32.dll
0x00007ffdd6730000 - 0x00007ffdd6849000 	C:\Windows\System32\gdi32full.dll
0x00007ffdd6a60000 - 0x00007ffdd6afd000 	C:\Windows\System32\msvcp_win.dll
0x00007ffdbcb10000 - 0x00007ffdbcdab000 	C:\Windows\WinSxS\amd64_microsoft.windows.common-controls_6595b64144ccf1df_6.0.19041.6280_none_60bc30a171f2f3f3\COMCTL32.dll
0x00007ffd63a80000 - 0x00007ffd63a9b000 	C:\Program Files\Java\jdk-17\bin\VCRUNTIME140.dll
0x00007ffdce770000 - 0x00007ffdce77a000 	C:\Windows\SYSTEM32\VERSION.dll
0x00007ffdd7bc0000 - 0x00007ffdd7bef000 	C:\Windows\System32\IMM32.DLL
0x00007ffd942d0000 - 0x00007ffd942dc000 	C:\Program Files\Java\jdk-17\bin\vcruntime140_1.dll
0x00007ffd639f0000 - 0x00007ffd63a7e000 	C:\Program Files\Java\jdk-17\bin\msvcp140.dll
0x00007ffd5e8b0000 - 0x00007ffd5f490000 	C:\Program Files\Java\jdk-17\bin\server\jvm.dll
0x00007ffdd6fd0000 - 0x00007ffdd6fd8000 	C:\Windows\System32\PSAPI.DLL
0x00007ffdc9b00000 - 0x00007ffdc9b27000 	C:\Windows\SYSTEM32\WINMM.dll
0x00007ffdbcdb0000 - 0x00007ffdbcdb9000 	C:\Windows\SYSTEM32\WSOCK32.dll
0x00007ffdd78c0000 - 0x00007ffdd792b000 	C:\Windows\System32\WS2_32.dll
0x00007ffdd4090000 - 0x00007ffdd40a2000 	C:\Windows\SYSTEM32\kernel.appcore.dll
0x00007ffd94000000 - 0x00007ffd9400a000 	C:\Program Files\Java\jdk-17\bin\jimage.dll
0x00007ffdd3900000 - 0x00007ffdd3b01000 	C:\Windows\SYSTEM32\DBGHELP.DLL
0x00007ffd9d5a0000 - 0x00007ffd9d5d4000 	C:\Windows\SYSTEM32\dbgcore.DLL
0x00007ffdd6620000 - 0x00007ffdd66a2000 	C:\Windows\System32\bcryptPrimitives.dll
0x00007ffd63820000 - 0x00007ffd63845000 	C:\Program Files\Java\jdk-17\bin\java.dll
0x00007ffd5e720000 - 0x00007ffd5e7f7000 	C:\Program Files\Java\jdk-17\bin\jsvml.dll
0x00007ffdd7bf0000 - 0x00007ffdd8360000 	C:\Windows\System32\SHELL32.dll
0x00007ffdd42b0000 - 0x00007ffdd4a55000 	C:\Windows\SYSTEM32\windows.storage.dll
0x00007ffdd8610000 - 0x00007ffdd8963000 	C:\Windows\System32\combase.dll
0x00007ffdd5af0000 - 0x00007ffdd5b1b000 	C:\Windows\SYSTEM32\Wldp.dll
0x00007ffdd8490000 - 0x00007ffdd855d000 	C:\Windows\System32\OLEAUT32.dll
0x00007ffdd7b00000 - 0x00007ffdd7bad000 	C:\Windows\System32\SHCORE.dll
0x00007ffdd8430000 - 0x00007ffdd848b000 	C:\Windows\System32\shlwapi.dll
0x00007ffdd61a0000 - 0x00007ffdd61c4000 	C:\Windows\SYSTEM32\profapi.dll
0x00007ffd5e700000 - 0x00007ffd5e719000 	C:\Program Files\Java\jdk-17\bin\net.dll
0x00007ffdd0670000 - 0x00007ffdd077a000 	C:\Windows\SYSTEM32\WINHTTP.dll
0x00007ffdd58d0000 - 0x00007ffdd593a000 	C:\Windows\system32\mswsock.dll
0x00007ffd5e6e0000 - 0x00007ffd5e6f6000 	C:\Program Files\Java\jdk-17\bin\nio.dll
0x00007ffd5e6c0000 - 0x00007ffd5e6d8000 	C:\Program Files\Java\jdk-17\bin\zip.dll
0x00007ffdbdbe0000 - 0x00007ffdbdbf0000 	C:\Program Files\Java\jdk-17\bin\verify.dll

dbghelp: loaded successfully - version: 4.0.5 - missing functions: none
symbol engine: initialized successfully - sym options: 0x614 - pdb path: .;C:\Program Files\Java\jdk-17\bin;C:\Windows\SYSTEM32;C:\Windows\WinSxS\amd64_microsoft.windows.common-controls_6595b64144ccf1df_6.0.19041.6280_none_60bc30a171f2f3f3;C:\Program Files\Java\jdk-17\bin\server

VM Arguments:
java_command: org.jetbrains.kotlin.cli.jvm.K2JVMCompiler @C:\Users\Lenovo\Desktop\testing\BackgroundLoggerApp\node_modules\react-native-screens\android\build\20251113_11418387919722357146.compiler.options
java_class_path (initial): C:\Users\Lenovo\.gradle\caches\modules-2\files-2.1\org.jetbrains.kotlin\kotlin-compiler-embeddable\1.9.24\78dab849090e6c5e2eadb6e59a11cdc28fb67a08\kotlin-compiler-embeddable-1.9.24.jar;C:\Users\Lenovo\.gradle\caches\modules-2\files-2.1\org.jetbrains.kotlin\kotlin-stdlib\1.9.24\9928532f12c66ad816a625b3f9984f8368ca6d2b\kotlin-stdlib-1.9.24.jar;C:\Users\Lenovo\.gradle\caches\modules-2\files-2.1\org.jetbrains.kotlin\kotlin-script-runtime\1.9.24\96771497da90fbc5af1c90fce148db2595a62502\kotlin-script-runtime-1.9.24.jar;C:\Users\Lenovo\.gradle\caches\modules-2\files-2.1\org.jetbrains.kotlin\kotlin-reflect\1.6.10\1cbe9c92c12a94eea200d23c2bbaedaf3daf5132\kotlin-reflect-1.6.10.jar;C:\Users\Lenovo\.gradle\caches\modules-2\files-2.1\org.jetbrains.kotlin\kotlin-daemon-embeddable\1.9.24\86685b9c5e8d170925bd9ddbdc263374a6a73281\kotlin-daemon-embeddable-1.9.24.jar;C:\Users\Lenovo\.gradle\caches\modules-2\files-2.1\org.jetbrains.intellij.deps\trove4j\1.0.20200330\3afb14d5f9ceb459d724e907a21145e8ff394f02\trove4j-1.0.20200330.jar;C:\Users\Lenovo\.gradle\caches\modules-2\files-2.1\org.jetbrains\annotations\13.0\919f0dfe192fb4e063e7dacadee7f8bb9a2672a9\annotations-13.0.jar
Launcher Type: SUN_STANDARD

[Global flags]
     intx CICompilerCount                          = 4                                         {product} {ergonomic}
     uint ConcGCThreads                            = 2                                         {product} {ergonomic}
     uint G1ConcRefinementThreads                  = 8                                         {product} {ergonomic}
   size_t G1HeapRegionSize                         = 1048576                                   {product} {ergonomic}
    uintx GCDrainStackTargetSize                   = 64                                        {product} {ergonomic}
   size_t InitialHeapSize                          = 132120576                                 {product} {ergonomic}
   size_t MarkStackSize                            = 4194304                                   {product} {ergonomic}
   size_t MaxHeapSize                              = 2090860544                                {product} {ergonomic}
   size_t MaxNewSize                               = 1254096896                                {product} {ergonomic}
   size_t MinHeapDeltaBytes                        = 1048576                                   {product} {ergonomic}
   size_t MinHeapSize                              = 8388608                                   {product} {ergonomic}
    uintx NonNMethodCodeHeapSize                   = 5839372                                {pd product} {ergonomic}
    uintx NonProfiledCodeHeapSize                  = 122909434                              {pd product} {ergonomic}
    uintx ProfiledCodeHeapSize                     = 122909434                              {pd product} {ergonomic}
    uintx ReservedCodeCacheSize                    = 251658240                              {pd product} {ergonomic}
     bool SegmentedCodeCache                       = true                                      {product} {ergonomic}
   size_t SoftMaxHeapSize                          = 2090860544                             {manageable} {ergonomic}
     bool UseCompressedClassPointers               = true                           {product lp64_product} {ergonomic}
     bool UseCompressedOops                        = true                           {product lp64_product} {ergonomic}
     bool UseG1GC                                  = true                                      {product} {ergonomic}
     bool UseLargePagesIndividualAllocation        = false                                  {pd product} {ergonomic}

Logging:
Log output configuration:
 #0: stdout all=warning uptime,level,tags
 #1: stderr all=off uptime,level,tags

Environment Variables:
JAVA_HOME=C:\Program Files\Java\jdk-17
CLASSPATH=C:\Users\Lenovo\Desktop\testing\BackgroundLoggerApp\android\\gradle\wrapper\gradle-wrapper.jar
PATH=C:\Program Files\Microsoft MPI\Bin\;C:\Program Files\Common Files\Oracle\Java\javapath;C:\Python37\Scripts\;C:\Python37\;C:\Program Files\Python37\Scripts\;C:\Program Files\Python37\;C:\Python312\Scripts\;C:\Python312\;C:\Python311\Scripts\;C:\Python311\;C:\Program Files (x86)\Common Files\Oracle\Java\javapath;C:\Program Files (x86)\VMware\VMware Workstation\bin\;C:\ProgramData\Oracle\Java\javapath;C:\Windows\system32;C:\Windows;C:\Windows\System32\Wbem;C:\Windows\System32\WindowsPowerShell\v1.0\;C:\Windows\System32\OpenSSH\;C:\Program Files\dotnet\;C:\Program Files\Java\jre1.8.0_333\bin;C:\Program Files\Git\cmd;C:\ProgramData\chocolatey\bin;C:\composer;C:\Program Files\Docker\Docker\resources\bin;C:\Program Files\Microsoft SQL Server\150\Tools\Binn\;C:\Program Files\Microsoft SQL Server\Client SDK\ODBC\170\Tools\Binn\;C:\Program Files\p\nodejs\;C:\Program Files\Google\Chrome\Application;C:\Program Files\Microsoft MPI\Bin\;C:\Program Files\Common Files\Oracle\Java\javapath;C:\Users\Lenovo\AppData\Local\Programs\Python\Python311\Scripts;C:\Users\Lenovo\AppData\Local\Programs\Python\Python311;C:\Program Files\Python37\Scripts\;C:\Program Files\Python37\;C:\Python312\Scripts\;C:\Python312\;C:\Python311\Scripts\;C:\Python311\;C:\Program Files (x86)\Common Files\Oracle\Java\javapath;C:\Program Files (x86)\VMware\VMware Workstation\bin\;C:\ProgramData\Oracle\Java\javapath;C:\Windows\system32;C:\Windows;C:\Windows\System32\Wbem;C:\Windows\System32\WindowsPowerShell\v1.0\;C:\Windows\System32\OpenSSH\;C:\Program Files\dotnet\;C:\Program Files\Java\jre1.8.0_333\bin;C:\Program Files\Git\cmd;C:\ProgramData\chocolatey\bin;C:\Program Files\p\nodejs\;C:\composer;C:\Program Files\Docker\Docker\resources\bin;C:\Program Files\Microsoft SQL Server\150\Tools\Binn\;C:\Program Files\Microsoft SQL Server\Client SDK\ODBC\170\Tools\Binn\;C:\Users\Lenovo\AppData\Local\Android\Sdk\emulator;C:\Users\Lenovo\AppData\Local\Android\Sdk\tools;C:\Users\Lenovo\AppData\;C:\Users\Lenovo\AppData\Local
USERNAME=Lenovo
LANG=en_US.UTF-8
OS=Windows_NT
PROCESSOR_IDENTIFIER=Intel64 Family 6 Model 140 Stepping 1, GenuineIntel



---------------  S Y S T E M  ---------------

OS:
 Windows 10 , 64 bit Build 19041 (10.0.19041.5915)
OS uptime: 0 days 2:03 hours
Hyper-V role detected

CPU: total 8 (initial active 8) (4 cores per cpu, 2 threads per core) family 6 model 140 stepping 1 microcode 0x8a, cx8, cmov, fxsr, ht, mmx, 3dnowpref, sse, sse2, sse3, ssse3, sse4.1, sse4.2, popcnt, lzcnt, tsc, tscinvbit, avx, avx2, aes, erms, clmul, bmi1, bmi2, adx, avx512f, avx512dq, avx512cd, avx512bw, avx512vl, sha, fma, vzeroupper, avx512_vpopcntdq, avx512_vpclmulqdq, avx512_vaes, avx512_vnni, clflush, clflushopt, clwb, avx512_vbmi2, avx512_vbmi, hv

Memory: 4k page, system-wide physical 7975M (314M free)
TotalPageFile size 16167M (AvailPageFile size 3M)
current process WorkingSet (physical memory assigned to process): 397M, peak: 448M
current process commit charge ("private bytes"): 545M, peak: 556M

vm_info: Java HotSpot(TM) 64-Bit Server VM (17.0.12+8-LTS-286) for windows-amd64 JRE (17.0.12+8-LTS-286), built on Jun  5 2024 06:46:59 by "mach5one" with MS VC++ 17.6 (VS2022)

END.
