#
# There is insufficient memory for the Java Runtime Environment to continue.
# Native memory allocation (mmap) failed to map 67108864 bytes for G1 virtual space
# Possible reasons:
#   The system is out of physical RAM or swap space
#   The process is running with CompressedOops enabled, and the Java Heap may be blocking the growth of the native heap
# Possible solutions:
#   Reduce memory load on the system
#   Increase physical memory or swap space
#   Check if swap backing store is full
#   Decrease Java heap size (-Xmx/-Xms)
#   Decrease number of Java threads
#   Decrease Java thread stack sizes (-Xss)
#   Set larger code cache with -XX:ReservedCodeCacheSize=
#   JVM is running with Unscaled Compressed Oops mode in which the Java heap is
#     placed in the first 4GB address space. The Java Heap base address is the
#     maximum limit for the native heap growth. Please use -XX:HeapBaseMinAddress
#     to set the Java Heap base and to place the Java Heap above 4GB virtual address.
# This output file may be truncated or incomplete.
#
#  Out of Memory Error (os_windows.cpp:3548), pid=16552, tid=7496
#
# JRE version:  (17.0.12+8) (build )
# Java VM: Java HotSpot(TM) 64-Bit Server VM (17.0.12+8-LTS-286, mixed mode, sharing, tiered, compressed oops, compressed class ptrs, g1 gc, windows-amd64)
# No core dump will be written. Minidumps are not enabled by default on client versions of Windows
#

---------------  S U M M A R Y ------------

Command Line: -Xmx64m -Xms64m -Dorg.gradle.appname=gradlew org.gradle.wrapper.GradleWrapperMain clean

Host: 11th Gen Intel(R) Core(TM) i5-1135G7 @ 2.40GHz, 8 cores, 7G,  Windows 10 , 64 bit Build 19041 (10.0.19041.5915)
Time: Mon Nov  3 21:28:17 2025 Morocco Daylight Time elapsed time: 0.010816 seconds (0d 0h 0m 0s)

---------------  T H R E A D  ---------------

Current thread (0x00000183be08b0f0):  JavaThread "Unknown thread" [_thread_in_vm, id=7496, stack(0x0000003e5e200000,0x0000003e5e300000)]

Stack: [0x0000003e5e200000,0x0000003e5e300000]
Native frames: (J=compiled Java code, j=interpreted, Vv=VM code, C=native code)
V  [jvm.dll+0x67a04a]
V  [jvm.dll+0x7da4ed]
V  [jvm.dll+0x7dbe33]
V  [jvm.dll+0x7dc4a3]
V  [jvm.dll+0x24508f]
V  [jvm.dll+0x677089]
V  [jvm.dll+0x66bd32]
V  [jvm.dll+0x301fa6]
V  [jvm.dll+0x309546]
V  [jvm.dll+0x359d2e]
V  [jvm.dll+0x359f5f]
V  [jvm.dll+0x2d9078]
V  [jvm.dll+0x2d9fe4]
V  [jvm.dll+0x7aca21]
V  [jvm.dll+0x367591]
V  [jvm.dll+0x78b999]
V  [jvm.dll+0x3ec83f]
V  [jvm.dll+0x3ee471]
C  [jli.dll+0x5297]
C  [ucrtbase.dll+0x21bb2]
C  [KERNEL32.DLL+0x17374]
C  [ntdll.dll+0x4cc91]


---------------  P R O C E S S  ---------------

Threads class SMR info:
_java_thread_list=0x00007ffdcf377a18, length=0, elements={
}

Java Threads: ( => current thread )

Other Threads:
  0x00000183be0aba00 GCTaskThread "GC Thread#0" [stack: 0x0000003e5e300000,0x0000003e5e400000] [id=17832]
  0x00000183be0ad050 ConcurrentGCThread "G1 Main Marker" [stack: 0x0000003e5e400000,0x0000003e5e500000] [id=13456]
  0x00000183be0ad960 ConcurrentGCThread "G1 Conc#0" [stack: 0x0000003e5e500000,0x0000003e5e600000] [id=4276]

[error occurred during error reporting (printing all threads), id 0xc0000005, EXCEPTION_ACCESS_VIOLATION (0xc0000005) at pc=0x00007ffdceba9b67]

VM state: not at safepoint (not fully initialized)

VM Mutex/Monitor currently owned by a thread:  ([mutex/lock_event])
[0x00000183be087160] Heap_lock - owner thread: 0x00000183be08b0f0

Heap address: 0x00000000fc000000, size: 64 MB, Compressed Oops mode: 32-bit

CDS archive(s) mapped at: [0x0000000000000000-0x0000000000000000-0x0000000000000000), size 0, SharedBaseAddress: 0x0000000800000000, ArchiveRelocationMode: 1.
Narrow klass base: 0x0000000000000000, Narrow klass shift: 0, Narrow klass range: 0x0

GC Precious Log:
<Empty>

Heap:
 garbage-first heap   total 0K, used 0K [0x00000000fc000000, 0x0000000100000000)
  region size 1024K, 0 young (0K), 0 survivors (0K)

[error occurred during error reporting (printing heap information), id 0xc0000005, EXCEPTION_ACCESS_VIOLATION (0xc0000005) at pc=0x00007ffdcef93859]

GC Heap History (0 events):
No events

Deoptimization events (0 events):
No events

Classes unloaded (0 events):
No events

Classes redefined (0 events):
No events

Internal exceptions (0 events):
No events

VM Operations (0 events):
No events

Events (1 events):
Event: 0.005 Loaded shared library C:\Program Files\Java\jdk-17\bin\java.dll


Dynamic libraries:
0x00007ff6b1ee0000 - 0x00007ff6b1ef0000 	C:\Program Files\Java\jdk-17\bin\java.exe
0x00007ffe3a230000 - 0x00007ffe3a428000 	C:\Windows\SYSTEM32\ntdll.dll
0x00007ffe399a0000 - 0x00007ffe39a62000 	C:\Windows\System32\KERNEL32.DLL
0x00007ffe37da0000 - 0x00007ffe38096000 	C:\Windows\System32\KERNELBASE.dll
0x00007ffe37ae0000 - 0x00007ffe37be0000 	C:\Windows\System32\ucrtbase.dll
0x00007ffe108b0000 - 0x00007ffe108c9000 	C:\Program Files\Java\jdk-17\bin\jli.dll
0x00007ffe0e2c0000 - 0x00007ffe0e2db000 	C:\Program Files\Java\jdk-17\bin\VCRUNTIME140.dll
0x00007ffe39c10000 - 0x00007ffe39cc1000 	C:\Windows\System32\ADVAPI32.dll
0x00007ffe39900000 - 0x00007ffe3999e000 	C:\Windows\System32\msvcrt.dll
0x00007ffe39b40000 - 0x00007ffe39bdf000 	C:\Windows\System32\sechost.dll
0x00007ffe396f0000 - 0x00007ffe39810000 	C:\Windows\System32\RPCRT4.dll
0x00007ffe38180000 - 0x00007ffe381a7000 	C:\Windows\System32\bcrypt.dll
0x00007ffe3a030000 - 0x00007ffe3a1cd000 	C:\Windows\System32\USER32.dll
0x00007ffe38230000 - 0x00007ffe38252000 	C:\Windows\System32\win32u.dll
0x00007ffe1c850000 - 0x00007ffe1caeb000 	C:\Windows\WinSxS\amd64_microsoft.windows.common-controls_6595b64144ccf1df_6.0.19041.6280_none_60bc30a171f2f3f3\COMCTL32.dll
0x00007ffe39be0000 - 0x00007ffe39c0b000 	C:\Windows\System32\GDI32.dll
0x00007ffe37be0000 - 0x00007ffe37cf9000 	C:\Windows\System32\gdi32full.dll
0x00007ffe37d00000 - 0x00007ffe37d9d000 	C:\Windows\System32\msvcp_win.dll
0x00007ffe34ea0000 - 0x00007ffe34eaa000 	C:\Windows\SYSTEM32\VERSION.dll
0x00007ffe39580000 - 0x00007ffe395af000 	C:\Windows\System32\IMM32.DLL
0x00007ffe2fed0000 - 0x00007ffe2fedc000 	C:\Program Files\Java\jdk-17\bin\vcruntime140_1.dll
0x00007ffdfb4f0000 - 0x00007ffdfb57e000 	C:\Program Files\Java\jdk-17\bin\msvcp140.dll
0x00007ffdce8c0000 - 0x00007ffdcf4a0000 	C:\Program Files\Java\jdk-17\bin\server\jvm.dll
0x00007ffe3a1d0000 - 0x00007ffe3a1d8000 	C:\Windows\System32\PSAPI.DLL
0x00007ffe2b4b0000 - 0x00007ffe2b4d7000 	C:\Windows\SYSTEM32\WINMM.dll
0x00007ffe185c0000 - 0x00007ffe185c9000 	C:\Windows\SYSTEM32\WSOCK32.dll
0x00007ffe39830000 - 0x00007ffe3989b000 	C:\Windows\System32\WS2_32.dll
0x00007ffe360b0000 - 0x00007ffe360c2000 	C:\Windows\SYSTEM32\kernel.appcore.dll
0x00007ffe2fd70000 - 0x00007ffe2fd7a000 	C:\Program Files\Java\jdk-17\bin\jimage.dll
0x00007ffe35680000 - 0x00007ffe35881000 	C:\Windows\SYSTEM32\DBGHELP.DLL
0x00007ffe02be0000 - 0x00007ffe02c14000 	C:\Windows\SYSTEM32\dbgcore.DLL
0x00007ffe380f0000 - 0x00007ffe38172000 	C:\Windows\System32\bcryptPrimitives.dll
0x00007ffe021f0000 - 0x00007ffe02215000 	C:\Program Files\Java\jdk-17\bin\java.dll

dbghelp: loaded successfully - version: 4.0.5 - missing functions: none
symbol engine: initialized successfully - sym options: 0x614 - pdb path: .;C:\Program Files\Java\jdk-17\bin;C:\Windows\SYSTEM32;C:\Windows\WinSxS\amd64_microsoft.windows.common-controls_6595b64144ccf1df_6.0.19041.6280_none_60bc30a171f2f3f3;C:\Program Files\Java\jdk-17\bin\server

VM Arguments:
jvm_args: -Xmx64m -Xms64m -Dorg.gradle.appname=gradlew 
java_command: org.gradle.wrapper.GradleWrapperMain clean
java_class_path (initial): C:\Users\Lenovo\Desktop\testing\BackgroundLoggerApp\android\\gradle\wrapper\gradle-wrapper.jar
Launcher Type: SUN_STANDARD

[Global flags]
     intx CICompilerCount                          = 4                                         {product} {ergonomic}
     uint ConcGCThreads                            = 2                                         {product} {ergonomic}
     uint G1ConcRefinementThreads                  = 8                                         {product} {ergonomic}
   size_t G1HeapRegionSize                         = 1048576                                   {product} {ergonomic}
    uintx GCDrainStackTargetSize                   = 64                                        {product} {ergonomic}
   size_t InitialHeapSize                          = 67108864                                  {product} {command line}
   size_t MarkStackSize                            = 4194304                                   {product} {ergonomic}
   size_t MaxHeapSize                              = 67108864                                  {product} {command line}
   size_t MinHeapDeltaBytes                        = 1048576                                   {product} {ergonomic}
   size_t MinHeapSize                              = 67108864                                  {product} {command line}
    uintx NonNMethodCodeHeapSize                   = 5839372                                {pd product} {ergonomic}
    uintx NonProfiledCodeHeapSize                  = 122909434                              {pd product} {ergonomic}
    uintx ProfiledCodeHeapSize                     = 122909434                              {pd product} {ergonomic}
    uintx ReservedCodeCacheSize                    = 251658240                              {pd product} {ergonomic}
     bool SegmentedCodeCache                       = true                                      {product} {ergonomic}
   size_t SoftMaxHeapSize                          = 67108864                               {manageable} {ergonomic}
     bool UseCompressedClassPointers               = true                           {product lp64_product} {ergonomic}
     bool UseCompressedOops                        = true                           {product lp64_product} {ergonomic}
     bool UseG1GC                                  = true                                      {product} {ergonomic}
     bool UseLargePagesIndividualAllocation        = false                                  {pd product} {ergonomic}

Logging:
Log output configuration:
 #0: stdout all=warning uptime,level,tags
 #1: stderr all=off uptime,level,tags

Environment Variables:
JAVA_HOME=C:\Program Files\Java\jdk-17
CLASSPATH=C:\Users\Lenovo\Desktop\testing\BackgroundLoggerApp\android\\gradle\wrapper\gradle-wrapper.jar
PATH=C:\Program Files\Microsoft MPI\Bin\;C:\Program Files\Common Files\Oracle\Java\javapath;C:\Python37\Scripts\;C:\Python37\;C:\Program Files\Python37\Scripts\;C:\Program Files\Python37\;C:\Python312\Scripts\;C:\Python312\;C:\Python311\Scripts\;C:\Python311\;C:\Program Files (x86)\Common Files\Oracle\Java\javapath;C:\Program Files (x86)\VMware\VMware Workstation\bin\;C:\ProgramData\Oracle\Java\javapath;C:\Windows\system32;C:\Windows;C:\Windows\System32\Wbem;C:\Windows\System32\WindowsPowerShell\v1.0\;C:\Windows\System32\OpenSSH\;C:\Program Files\dotnet\;C:\Program Files\Java\jre1.8.0_333\bin;C:\Program Files\Git\cmd;C:\ProgramData\chocolatey\bin;C:\composer;C:\Program Files\Docker\Docker\resources\bin;C:\Program Files\Microsoft SQL Server\150\Tools\Binn\;C:\Program Files\Microsoft SQL Server\Client SDK\ODBC\170\Tools\Binn\;C:\Program Files\p\nodejs\;C:\Program Files\Google\Chrome\Application;C:\Program Files\Microsoft MPI\Bin\;C:\Program Files\Common Files\Oracle\Java\javapath;C:\Users\Lenovo\AppData\Local\Programs\Python\Python311\Scripts;C:\Users\Lenovo\AppData\Local\Programs\Python\Python311;C:\Program Files\Python37\Scripts\;C:\Program Files\Python37\;C:\Python312\Scripts\;C:\Python312\;C:\Python311\Scripts\;C:\Python311\;C:\Program Files (x86)\Common Files\Oracle\Java\javapath;C:\Program Files (x86)\VMware\VMware Workstation\bin\;C:\ProgramData\Oracle\Java\javapath;C:\Windows\system32;C:\Windows;C:\Windows\System32\Wbem;C:\Windows\System32\WindowsPowerShell\v1.0\;C:\Windows\System32\OpenSSH\;C:\Program Files\dotnet\;C:\Program Files\Java\jre1.8.0_333\bin;C:\Program Files\Git\cmd;C:\ProgramData\chocolatey\bin;C:\Program Files\p\nodejs\;C:\composer;C:\Program Files\Docker\Docker\resources\bin;C:\Program Files\Microsoft SQL Server\150\Tools\Binn\;C:\Program Files\Microsoft SQL Server\Client SDK\ODBC\170\Tools\Binn\;C:\Users\Lenovo\AppData\Local\Android\Sdk\emulator;C:\Users\Lenovo\AppData\Local\Android\Sdk\tools;C:\Users\Lenovo\AppData\;C:\Users\Lenovo\AppData\Local
USERNAME=Lenovo
LANG=en_US.UTF-8
OS=Windows_NT
PROCESSOR_IDENTIFIER=Intel64 Family 6 Model 140 Stepping 1, GenuineIntel



---------------  S Y S T E M  ---------------

OS:
 Windows 10 , 64 bit Build 19041 (10.0.19041.5915)
OS uptime: 1 days 6:35 hours
Hyper-V role detected

CPU: total 8 (initial active 8) (4 cores per cpu, 2 threads per core) family 6 model 140 stepping 1 microcode 0x8a, cx8, cmov, fxsr, ht, mmx, 3dnowpref, sse, sse2, sse3, ssse3, sse4.1, sse4.2, popcnt, lzcnt, tsc, tscinvbit, avx, avx2, aes, erms, clmul, bmi1, bmi2, adx, avx512f, avx512dq, avx512cd, avx512bw, avx512vl, sha, fma, vzeroupper, avx512_vpopcntdq, avx512_vpclmulqdq, avx512_vaes, avx512_vnni, clflush, clflushopt, clwb, avx512_vbmi2, avx512_vbmi, hv

Memory: 4k page, system-wide physical 7975M (589M free)
TotalPageFile size 16167M (AvailPageFile size 56M)
current process WorkingSet (physical memory assigned to process): 10M, peak: 10M
current process commit charge ("private bytes"): 59M, peak: 123M

vm_info: Java HotSpot(TM) 64-Bit Server VM (17.0.12+8-LTS-286) for windows-amd64 JRE (17.0.12+8-LTS-286), built on Jun  5 2024 06:46:59 by "mach5one" with MS VC++ 17.6 (VS2022)

END.
