#
# There is insufficient memory for the Java Runtime Environment to continue.
# Native memory allocation (malloc) failed to allocate 179360 bytes for Chunk::new
# Possible reasons:
#   The system is out of physical RAM or swap space
#   The process is running with CompressedOops enabled, and the Java Heap may be blocking the growth of the native heap
# Possible solutions:
#   Reduce memory load on the system
#   Increase physical memory or swap space
#   Check if swap backing store is full
#   Decrease Java heap size (-Xmx/-Xms)
#   Decrease number of Java threads
#   Decrease Java thread stack sizes (-Xss)
#   Set larger code cache with -XX:ReservedCodeCacheSize=
#   JVM is running with Unscaled Compressed Oops mode in which the Java heap is
#     placed in the first 4GB address space. The Java Heap base address is the
#     maximum limit for the native heap growth. Please use -XX:HeapBaseMinAddress
#     to set the Java Heap base and to place the Java Heap above 4GB virtual address.
# This output file may be truncated or incomplete.
#
#  Out of Memory Error (arena.cpp:189), pid=5676, tid=13500
#
# JRE version: Java(TM) SE Runtime Environment (17.0.12+8) (build 17.0.12+8-LTS-286)
# Java VM: Java HotSpot(TM) 64-Bit Server VM (17.0.12+8-LTS-286, mixed mode, sharing, tiered, compressed oops, compressed class ptrs, g1 gc, windows-amd64)
# No core dump will be written. Minidumps are not enabled by default on client versions of Windows
#

---------------  S U M M A R Y ------------

Command Line: -Xmx64m -Xms64m -Dorg.gradle.appname=gradlew org.gradle.wrapper.GradleWrapperMain app:installDebug -PreactNativeDevServerPort=8081

Host: 11th Gen Intel(R) Core(TM) i5-1135G7 @ 2.40GHz, 8 cores, 7G,  Windows 10 , 64 bit Build 19041 (10.0.19041.5915)
Time: Fri Nov 14 17:48:00 2025 Morocco Daylight Time elapsed time: 284.190079 seconds (0d 0h 4m 44s)

---------------  T H R E A D  ---------------

Current thread (0x000001e1d5db2bd0):  JavaThread "C2 CompilerThread0" daemon [_thread_in_native, id=13500, stack(0x0000003d30000000,0x0000003d30100000)]


Current CompileTask:
C2: 284190 2032 % !   4       java.io.ObjectInputStream$BlockDataInputStream::readUTFSpan @ 53 (502 bytes)

Stack: [0x0000003d30000000,0x0000003d30100000]
Native frames: (J=compiled Java code, j=interpreted, Vv=VM code, C=native code)
V  [jvm.dll+0x67a04a]
V  [jvm.dll+0x7da4ed]
V  [jvm.dll+0x7dbe33]
V  [jvm.dll+0x7dc4a3]
V  [jvm.dll+0x24508f]
V  [jvm.dll+0xab773]
V  [jvm.dll+0xabd3c]
V  [jvm.dll+0x361bee]
V  [jvm.dll+0x32c431]
V  [jvm.dll+0x32b8ca]
V  [jvm.dll+0x21683f]
V  [jvm.dll+0x215c6f]
V  [jvm.dll+0x1a2960]
V  [jvm.dll+0x22610b]
V  [jvm.dll+0x2242ab]
V  [jvm.dll+0x79075c]
V  [jvm.dll+0x78abea]
V  [jvm.dll+0x678f35]
C  [ucrtbase.dll+0x21bb2]
C  [KERNEL32.DLL+0x17374]
C  [ntdll.dll+0x4cc91]


---------------  P R O C E S S  ---------------

Threads class SMR info:
_java_thread_list=0x000001e1ef527a60, length=14, elements={
0x000001e1d5cf04c0, 0x000001e1d5d98a30, 0x000001e1d5d993f0, 0x000001e1d5dae190,
0x000001e1d5daeb50, 0x000001e1d5db1520, 0x000001e1d5db1ee0, 0x000001e1d5db2bd0,
0x000001e1d5db4aa0, 0x000001e1d5db74b0, 0x000001e1ef6c4770, 0x000001e1ef6c7080,
0x000001e1f4b5c8e0, 0x000001e1f4454e60
}

Java Threads: ( => current thread )
  0x000001e1d5cf04c0 JavaThread "main" [_thread_in_native, id=2148, stack(0x0000003d2f300000,0x0000003d2f400000)]
  0x000001e1d5d98a30 JavaThread "Reference Handler" daemon [_thread_blocked, id=16332, stack(0x0000003d2fa00000,0x0000003d2fb00000)]
  0x000001e1d5d993f0 JavaThread "Finalizer" daemon [_thread_blocked, id=10876, stack(0x0000003d2fb00000,0x0000003d2fc00000)]
  0x000001e1d5dae190 JavaThread "Signal Dispatcher" daemon [_thread_blocked, id=8296, stack(0x0000003d2fc00000,0x0000003d2fd00000)]
  0x000001e1d5daeb50 JavaThread "Attach Listener" daemon [_thread_blocked, id=15908, stack(0x0000003d2fd00000,0x0000003d2fe00000)]
  0x000001e1d5db1520 JavaThread "Service Thread" daemon [_thread_blocked, id=15364, stack(0x0000003d2fe00000,0x0000003d2ff00000)]
  0x000001e1d5db1ee0 JavaThread "Monitor Deflation Thread" daemon [_thread_blocked, id=16584, stack(0x0000003d2ff00000,0x0000003d30000000)]
=>0x000001e1d5db2bd0 JavaThread "C2 CompilerThread0" daemon [_thread_in_native, id=13500, stack(0x0000003d30000000,0x0000003d30100000)]
  0x000001e1d5db4aa0 JavaThread "C1 CompilerThread0" daemon [_thread_blocked, id=15436, stack(0x0000003d30100000,0x0000003d30200000)]
  0x000001e1d5db74b0 JavaThread "Sweeper thread" daemon [_thread_blocked, id=15488, stack(0x0000003d30200000,0x0000003d30300000)]
  0x000001e1ef6c4770 JavaThread "Notification Thread" daemon [_thread_blocked, id=14968, stack(0x0000003d30300000,0x0000003d30400000)]
  0x000001e1ef6c7080 JavaThread "Common-Cleaner" daemon [_thread_blocked, id=14932, stack(0x0000003d30500000,0x0000003d30600000)]
  0x000001e1f4b5c8e0 JavaThread "pool-1-thread-1" [_thread_blocked, id=15288, stack(0x0000003d30b00000,0x0000003d30c00000)]
  0x000001e1f4454e60 JavaThread "C2 CompilerThread1" daemon [_thread_blocked, id=16968, stack(0x0000003d2f000000,0x0000003d2f100000)]

Other Threads:
  0x000001e1d5d927c0 VMThread "VM Thread" [stack: 0x0000003d2f900000,0x0000003d2fa00000] [id=16540]
  0x000001e1d5d9c4f0 WatcherThread [stack: 0x0000003d30400000,0x0000003d30500000] [id=8532]
  0x000001e1d5d10dd0 GCTaskThread "GC Thread#0" [stack: 0x0000003d2f400000,0x0000003d2f500000] [id=4704]
  0x000001e1f42854a0 GCTaskThread "GC Thread#1" [stack: 0x0000003d30800000,0x0000003d30900000] [id=10368]
  0x000001e1f43fdc80 GCTaskThread "GC Thread#2" [stack: 0x0000003d30900000,0x0000003d30a00000] [id=10320]
  0x000001e1f44f2590 GCTaskThread "GC Thread#3" [stack: 0x0000003d30a00000,0x0000003d30b00000] [id=7332]
  0x000001e1f4be0590 GCTaskThread "GC Thread#4" [stack: 0x0000003d30700000,0x0000003d30800000] [id=8188]
  0x000001e1f4ebfea0 GCTaskThread "GC Thread#5" [stack: 0x0000003d30c00000,0x0000003d30d00000] [id=14652]
  0x000001e1f49722f0 GCTaskThread "GC Thread#6" [stack: 0x0000003d30d00000,0x0000003d30e00000] [id=8336]
  0x000001e1d5d12420 ConcurrentGCThread "G1 Main Marker" [stack: 0x0000003d2f500000,0x0000003d2f600000] [id=13912]
  0x000001e1d5d12d30 ConcurrentGCThread "G1 Conc#0" [stack: 0x0000003d2f600000,0x0000003d2f700000] [id=16856]
  0x000001e1d5d74560 ConcurrentGCThread "G1 Refine#0" [stack: 0x0000003d2f700000,0x0000003d2f800000] [id=8316]
  0x000001e1d5d74e90 ConcurrentGCThread "G1 Service" [stack: 0x0000003d2f800000,0x0000003d2f900000] [id=10380]

Threads with active compile tasks:
C2 CompilerThread0   284216 2032 % !   4       java.io.ObjectInputStream$BlockDataInputStream::readUTFSpan @ 53 (502 bytes)

VM state: not at safepoint (normal execution)

VM Mutex/Monitor currently owned by a thread: None

Heap address: 0x00000000fc000000, size: 64 MB, Compressed Oops mode: 32-bit

CDS archive(s) mapped at: [0x000001e180000000-0x000001e180bd0000-0x000001e180bd0000), size 12386304, SharedBaseAddress: 0x000001e180000000, ArchiveRelocationMode: 1.
Compressed class space mapped at: 0x000001e181000000-0x000001e1c1000000, reserved size: 1073741824
Narrow klass base: 0x000001e180000000, Narrow klass shift: 0, Narrow klass range: 0x100000000

GC Precious Log:
 CPUs: 8 total, 8 available
 Memory: 7975M
 Large Page Support: Disabled
 NUMA Support: Disabled
 Compressed Oops: Enabled (32-bit)
 Heap Region Size: 1M
 Heap Min Capacity: 64M
 Heap Initial Capacity: 64M
 Heap Max Capacity: 64M
 Pre-touch: Disabled
 Parallel Workers: 8
 Concurrent Workers: 2
 Concurrent Refinement Workers: 8
 Periodic GC: Disabled

Heap:
 garbage-first heap   total 65536K, used 24668K [0x00000000fc000000, 0x0000000100000000)
  region size 1024K, 17 young (17408K), 4 survivors (4096K)
 Metaspace       used 10564K, committed 10816K, reserved 1114112K
  class space    used 1370K, committed 1472K, reserved 1048576K

Heap Regions: E=young(eden), S=young(survivor), O=old, HS=humongous(starts), HC=humongous(continues), CS=collection set, F=free, OA=open archive, CA=closed archive, TAMS=top-at-mark-start (previous, next)
|   0|0x00000000fc000000, 0x00000000fc100000, 0x00000000fc100000|100%| O|  |TAMS 0x00000000fc000000, 0x00000000fc000000| Untracked 
|   1|0x00000000fc100000, 0x00000000fc200000, 0x00000000fc200000|100%| O|  |TAMS 0x00000000fc100000, 0x00000000fc100000| Untracked 
|   2|0x00000000fc200000, 0x00000000fc300000, 0x00000000fc300000|100%|HS|  |TAMS 0x00000000fc200000, 0x00000000fc200000| Complete 
|   3|0x00000000fc300000, 0x00000000fc400000, 0x00000000fc400000|100%|HC|  |TAMS 0x00000000fc300000, 0x00000000fc300000| Complete 
|   4|0x00000000fc400000, 0x00000000fc500000, 0x00000000fc500000|100%|HC|  |TAMS 0x00000000fc400000, 0x00000000fc400000| Complete 
|   5|0x00000000fc500000, 0x00000000fc600000, 0x00000000fc600000|100%|HC|  |TAMS 0x00000000fc500000, 0x00000000fc500000| Complete 
|   6|0x00000000fc600000, 0x00000000fc700000, 0x00000000fc700000|100%| O|  |TAMS 0x00000000fc600000, 0x00000000fc600000| Untracked 
|   7|0x00000000fc700000, 0x00000000fc800000, 0x00000000fc800000|100%| O|  |TAMS 0x00000000fc700000, 0x00000000fc700000| Untracked 
|   8|0x00000000fc800000, 0x00000000fc83d200, 0x00000000fc900000| 23%| O|  |TAMS 0x00000000fc800000, 0x00000000fc800000| Untracked 
|   9|0x00000000fc900000, 0x00000000fc900000, 0x00000000fca00000|  0%| F|  |TAMS 0x00000000fc900000, 0x00000000fc900000| Untracked 
|  10|0x00000000fca00000, 0x00000000fca00000, 0x00000000fcb00000|  0%| F|  |TAMS 0x00000000fca00000, 0x00000000fca00000| Untracked 
|  11|0x00000000fcb00000, 0x00000000fcb00000, 0x00000000fcc00000|  0%| F|  |TAMS 0x00000000fcb00000, 0x00000000fcb00000| Untracked 
|  12|0x00000000fcc00000, 0x00000000fcc00000, 0x00000000fcd00000|  0%| F|  |TAMS 0x00000000fcc00000, 0x00000000fcc00000| Untracked 
|  13|0x00000000fcd00000, 0x00000000fcd00000, 0x00000000fce00000|  0%| F|  |TAMS 0x00000000fcd00000, 0x00000000fcd00000| Untracked 
|  14|0x00000000fce00000, 0x00000000fce00000, 0x00000000fcf00000|  0%| F|  |TAMS 0x00000000fce00000, 0x00000000fce00000| Untracked 
|  15|0x00000000fcf00000, 0x00000000fcf00000, 0x00000000fd000000|  0%| F|  |TAMS 0x00000000fcf00000, 0x00000000fcf00000| Untracked 
|  16|0x00000000fd000000, 0x00000000fd000000, 0x00000000fd100000|  0%| F|  |TAMS 0x00000000fd000000, 0x00000000fd000000| Untracked 
|  17|0x00000000fd100000, 0x00000000fd100000, 0x00000000fd200000|  0%| F|  |TAMS 0x00000000fd100000, 0x00000000fd100000| Untracked 
|  18|0x00000000fd200000, 0x00000000fd200000, 0x00000000fd300000|  0%| F|  |TAMS 0x00000000fd200000, 0x00000000fd200000| Untracked 
|  19|0x00000000fd300000, 0x00000000fd300000, 0x00000000fd400000|  0%| F|  |TAMS 0x00000000fd300000, 0x00000000fd300000| Untracked 
|  20|0x00000000fd400000, 0x00000000fd400000, 0x00000000fd500000|  0%| F|  |TAMS 0x00000000fd400000, 0x00000000fd400000| Untracked 
|  21|0x00000000fd500000, 0x00000000fd500000, 0x00000000fd600000|  0%| F|  |TAMS 0x00000000fd500000, 0x00000000fd500000| Untracked 
|  22|0x00000000fd600000, 0x00000000fd600000, 0x00000000fd700000|  0%| F|  |TAMS 0x00000000fd600000, 0x00000000fd600000| Untracked 
|  23|0x00000000fd700000, 0x00000000fd700000, 0x00000000fd800000|  0%| F|  |TAMS 0x00000000fd700000, 0x00000000fd700000| Untracked 
|  24|0x00000000fd800000, 0x00000000fd800000, 0x00000000fd900000|  0%| F|  |TAMS 0x00000000fd800000, 0x00000000fd800000| Untracked 
|  25|0x00000000fd900000, 0x00000000fd900000, 0x00000000fda00000|  0%| F|  |TAMS 0x00000000fd900000, 0x00000000fd900000| Untracked 
|  26|0x00000000fda00000, 0x00000000fda00000, 0x00000000fdb00000|  0%| F|  |TAMS 0x00000000fda00000, 0x00000000fda00000| Untracked 
|  27|0x00000000fdb00000, 0x00000000fdb00000, 0x00000000fdc00000|  0%| F|  |TAMS 0x00000000fdb00000, 0x00000000fdb00000| Untracked 
|  28|0x00000000fdc00000, 0x00000000fdc00000, 0x00000000fdd00000|  0%| F|  |TAMS 0x00000000fdc00000, 0x00000000fdc00000| Untracked 
|  29|0x00000000fdd00000, 0x00000000fdd00000, 0x00000000fde00000|  0%| F|  |TAMS 0x00000000fdd00000, 0x00000000fdd00000| Untracked 
|  30|0x00000000fde00000, 0x00000000fded9e10, 0x00000000fdf00000| 85%| S|CS|TAMS 0x00000000fde00000, 0x00000000fde00000| Complete 
|  31|0x00000000fdf00000, 0x00000000fe000000, 0x00000000fe000000|100%| S|CS|TAMS 0x00000000fdf00000, 0x00000000fdf00000| Complete 
|  32|0x00000000fe000000, 0x00000000fe100000, 0x00000000fe100000|100%| S|CS|TAMS 0x00000000fe000000, 0x00000000fe000000| Complete 
|  33|0x00000000fe100000, 0x00000000fe200000, 0x00000000fe200000|100%| S|CS|TAMS 0x00000000fe100000, 0x00000000fe100000| Complete 
|  34|0x00000000fe200000, 0x00000000fe200000, 0x00000000fe300000|  0%| F|  |TAMS 0x00000000fe200000, 0x00000000fe200000| Untracked 
|  35|0x00000000fe300000, 0x00000000fe300000, 0x00000000fe400000|  0%| F|  |TAMS 0x00000000fe300000, 0x00000000fe300000| Untracked 
|  36|0x00000000fe400000, 0x00000000fe400000, 0x00000000fe500000|  0%| F|  |TAMS 0x00000000fe400000, 0x00000000fe400000| Untracked 
|  37|0x00000000fe500000, 0x00000000fe500000, 0x00000000fe600000|  0%| F|  |TAMS 0x00000000fe500000, 0x00000000fe500000| Untracked 
|  38|0x00000000fe600000, 0x00000000fe600000, 0x00000000fe700000|  0%| F|  |TAMS 0x00000000fe600000, 0x00000000fe600000| Untracked 
|  39|0x00000000fe700000, 0x00000000fe700000, 0x00000000fe800000|  0%| F|  |TAMS 0x00000000fe700000, 0x00000000fe700000| Untracked 
|  40|0x00000000fe800000, 0x00000000fe800000, 0x00000000fe900000|  0%| F|  |TAMS 0x00000000fe800000, 0x00000000fe800000| Untracked 
|  41|0x00000000fe900000, 0x00000000fe900000, 0x00000000fea00000|  0%| F|  |TAMS 0x00000000fe900000, 0x00000000fe900000| Untracked 
|  42|0x00000000fea00000, 0x00000000fea00000, 0x00000000feb00000|  0%| F|  |TAMS 0x00000000fea00000, 0x00000000fea00000| Untracked 
|  43|0x00000000feb00000, 0x00000000feb00000, 0x00000000fec00000|  0%| F|  |TAMS 0x00000000feb00000, 0x00000000feb00000| Untracked 
|  44|0x00000000fec00000, 0x00000000fec00000, 0x00000000fed00000|  0%| F|  |TAMS 0x00000000fec00000, 0x00000000fec00000| Untracked 
|  45|0x00000000fed00000, 0x00000000fed00000, 0x00000000fee00000|  0%| F|  |TAMS 0x00000000fed00000, 0x00000000fed00000| Untracked 
|  46|0x00000000fee00000, 0x00000000fee00000, 0x00000000fef00000|  0%| F|  |TAMS 0x00000000fee00000, 0x00000000fee00000| Untracked 
|  47|0x00000000fef00000, 0x00000000fef00000, 0x00000000ff000000|  0%| F|  |TAMS 0x00000000fef00000, 0x00000000fef00000| Untracked 
|  48|0x00000000ff000000, 0x00000000ff000000, 0x00000000ff100000|  0%| F|  |TAMS 0x00000000ff000000, 0x00000000ff000000| Untracked 
|  49|0x00000000ff100000, 0x00000000ff100000, 0x00000000ff200000|  0%| F|  |TAMS 0x00000000ff100000, 0x00000000ff100000| Untracked 
|  50|0x00000000ff200000, 0x00000000ff200000, 0x00000000ff300000|  0%| F|  |TAMS 0x00000000ff200000, 0x00000000ff200000| Untracked 
|  51|0x00000000ff300000, 0x00000000ff37f620, 0x00000000ff400000| 49%| E|  |TAMS 0x00000000ff300000, 0x00000000ff300000| Complete 
|  52|0x00000000ff400000, 0x00000000ff500000, 0x00000000ff500000|100%| E|CS|TAMS 0x00000000ff400000, 0x00000000ff400000| Complete 
|  53|0x00000000ff500000, 0x00000000ff600000, 0x00000000ff600000|100%| E|CS|TAMS 0x00000000ff500000, 0x00000000ff500000| Complete 
|  54|0x00000000ff600000, 0x00000000ff700000, 0x00000000ff700000|100%| E|CS|TAMS 0x00000000ff600000, 0x00000000ff600000| Complete 
|  55|0x00000000ff700000, 0x00000000ff800000, 0x00000000ff800000|100%| E|CS|TAMS 0x00000000ff700000, 0x00000000ff700000| Complete 
|  56|0x00000000ff800000, 0x00000000ff900000, 0x00000000ff900000|100%| E|CS|TAMS 0x00000000ff800000, 0x00000000ff800000| Complete 
|  57|0x00000000ff900000, 0x00000000ffa00000, 0x00000000ffa00000|100%| E|CS|TAMS 0x00000000ff900000, 0x00000000ff900000| Complete 
|  58|0x00000000ffa00000, 0x00000000ffb00000, 0x00000000ffb00000|100%| E|CS|TAMS 0x00000000ffa00000, 0x00000000ffa00000| Complete 
|  59|0x00000000ffb00000, 0x00000000ffc00000, 0x00000000ffc00000|100%| E|CS|TAMS 0x00000000ffb00000, 0x00000000ffb00000| Complete 
|  60|0x00000000ffc00000, 0x00000000ffd00000, 0x00000000ffd00000|100%| E|CS|TAMS 0x00000000ffc00000, 0x00000000ffc00000| Complete 
|  61|0x00000000ffd00000, 0x00000000ffe00000, 0x00000000ffe00000|100%| E|CS|TAMS 0x00000000ffd00000, 0x00000000ffd00000| Complete 
|  62|0x00000000ffe00000, 0x00000000fff00000, 0x00000000fff00000|100%| E|CS|TAMS 0x00000000ffe00000, 0x00000000ffe00000| Complete 
|  63|0x00000000fff00000, 0x0000000100000000, 0x0000000100000000|100%| E|CS|TAMS 0x00000000fff00000, 0x00000000fff00000| Complete 

Card table byte_map: [0x000001e1d3cf0000,0x000001e1d3d10000] _byte_map_base: 0x000001e1d3510000

Marking Bits (Prev, Next): (CMBitMap*) 0x000001e1d5d112f0, (CMBitMap*) 0x000001e1d5d11330
 Prev Bits: [0x000001e1ec8e0000, 0x000001e1ec9e0000)
 Next Bits: [0x000001e1ec9e0000, 0x000001e1ecae0000)

Polling page: 0x000001e1d3ca0000

Metaspace:

Usage:
  Non-class:      8.98 MB used.
      Class:      1.34 MB used.
       Both:     10.32 MB used.

Virtual space:
  Non-class space:       64.00 MB reserved,       9.12 MB ( 14%) committed,  1 nodes.
      Class space:        1.00 GB reserved,       1.44 MB ( <1%) committed,  1 nodes.
             Both:        1.06 GB reserved,      10.56 MB ( <1%) committed. 

Chunk freelists:
   Non-Class:  6.12 MB
       Class:  14.41 MB
        Both:  20.52 MB

MaxMetaspaceSize: unlimited
CompressedClassSpaceSize: 1.00 GB
Initial GC threshold: 21.00 MB
Current GC threshold: 21.00 MB
CDS: on
MetaspaceReclaimPolicy: balanced
 - commit_granule_bytes: 65536.
 - commit_granule_words: 8192.
 - virtual_space_node_default_size: 8388608.
 - enlarge_chunks_in_place: 1.
 - new_chunks_are_fully_committed: 0.
 - uncommit_free_chunks: 1.
 - use_allocation_guard: 0.
 - handle_deallocations: 1.


Internal statistics:

num_allocs_failed_limit: 0.
num_arena_births: 128.
num_arena_deaths: 0.
num_vsnodes_births: 2.
num_vsnodes_deaths: 0.
num_space_committed: 169.
num_space_uncommitted: 0.
num_chunks_returned_to_freelist: 0.
num_chunks_taken_from_freelist: 442.
num_chunk_merges: 0.
num_chunk_splits: 276.
num_chunks_enlarged: 205.
num_inconsistent_stats: 0.

CodeHeap 'non-profiled nmethods': size=120000Kb used=798Kb max_used=798Kb free=119201Kb
 bounds [0x000001e1e5080000, 0x000001e1e52f0000, 0x000001e1ec5b0000]
CodeHeap 'profiled nmethods': size=120000Kb used=3981Kb max_used=3981Kb free=116018Kb
 bounds [0x000001e1dd5b0000, 0x000001e1dd9a0000, 0x000001e1e4ae0000]
CodeHeap 'non-nmethods': size=5760Kb used=1192Kb max_used=1208Kb free=4567Kb
 bounds [0x000001e1e4ae0000, 0x000001e1e4d50000, 0x000001e1e5080000]
 total_blobs=2519 nmethods=2046 adapters=385
 compilation: enabled
              stopped_count=0, restarted_count=0
 full_count=0

Compilation events (20 events):
Event: 283.803 Thread 0x000001e1d5db2bd0 nmethod 2027 0x000001e1e5143390 code [0x000001e1e5143520, 0x000001e1e51438c8]
Event: 283.803 Thread 0x000001e1d5db2bd0 2020       4       java.io.ObjectInputStream$BlockDataInputStream::setBlockDataMode (74 bytes)
Event: 283.804 Thread 0x000001e1d5db2bd0 nmethod 2020 0x000001e1e5143b10 code [0x000001e1e5143c80, 0x000001e1e5143d58]
Event: 284.167 Thread 0x000001e1d5db2bd0 2031 %     4       java.lang.AbstractStringBuilder::appendChars @ 26 (130 bytes)
Event: 284.168 Thread 0x000001e1d5db4aa0 2034       3       java.io.ObjectInputStream$FieldValues::get (26 bytes)
Event: 284.168 Thread 0x000001e1d5db4aa0 nmethod 2034 0x000001e1dd974b10 code [0x000001e1dd974cc0, 0x000001e1dd974eb8]
Event: 284.168 Thread 0x000001e1d5db4aa0 2037   !   3       java.io.ObjectInputStream$BlockDataInputStream::refill (136 bytes)
Event: 284.169 Thread 0x000001e1d5db4aa0 nmethod 2037 0x000001e1dd974f90 code [0x000001e1dd975180, 0x000001e1dd9756e8]
Event: 284.169 Thread 0x000001e1d5db4aa0 2035   !   3       java.io.ObjectInputStream$BlockDataInputStream::readBlockHeader (249 bytes)
Event: 284.171 Thread 0x000001e1d5db4aa0 nmethod 2035 0x000001e1dd975990 code [0x000001e1dd975dc0, 0x000001e1dd977a18]
Event: 284.171 Thread 0x000001e1d5db4aa0 2041       3       java.io.ObjectInputStream$BlockDataInputStream::skipBlockData (32 bytes)
Event: 284.171 Thread 0x000001e1d5db4aa0 nmethod 2041 0x000001e1dd978890 code [0x000001e1dd978a60, 0x000001e1dd978d78]
Event: 284.171 Thread 0x000001e1d5db4aa0 2038       3       java.net.URLStreamHandler::parseURL (1201 bytes)
Event: 284.174 Thread 0x000001e1f4454e60 2042       4       java.lang.String::startsWith (138 bytes)
Event: 284.174 Thread 0x000001e1d5db2bd0 nmethod 2031% 0x000001e1e5143e10 code [0x000001e1e5143fa0, 0x000001e1e5144418]
Event: 284.174 Thread 0x000001e1d5db2bd0 2032 % !   4       java.io.ObjectInputStream$BlockDataInputStream::readUTFSpan @ 53 (502 bytes)
Event: 284.178 Thread 0x000001e1f4454e60 nmethod 2042 0x000001e1e5144610 code [0x000001e1e51447a0, 0x000001e1e5144a78]
Event: 284.178 Thread 0x000001e1f4454e60 2046       4       java.lang.AbstractStringBuilder::appendChars (130 bytes)
Event: 284.185 Thread 0x000001e1f4454e60 nmethod 2046 0x000001e1e5144c90 code [0x000001e1e5144e00, 0x000001e1e51450f8]
Event: 284.185 Thread 0x000001e1f4454e60 2040       4       java.io.ObjectInputStream$PeekInputStream::peek (49 bytes)

GC Heap History (4 events):
Event: 0.249 GC heap before
{Heap before GC invocations=0 (full 0):
 garbage-first heap   total 65536K, used 22528K [0x00000000fc000000, 0x0000000100000000)
  region size 1024K, 23 young (23552K), 0 survivors (0K)
 Metaspace       used 1808K, committed 1920K, reserved 1114112K
  class space    used 159K, committed 192K, reserved 1048576K
}
Event: 0.253 GC heap after
{Heap after GC invocations=1 (full 0):
 garbage-first heap   total 65536K, used 4648K [0x00000000fc000000, 0x0000000100000000)
  region size 1024K, 3 young (3072K), 3 survivors (3072K)
 Metaspace       used 1808K, committed 1920K, reserved 1114112K
  class space    used 159K, committed 192K, reserved 1048576K
}
Event: 0.651 GC heap before
{Heap before GC invocations=1 (full 0):
 garbage-first heap   total 65536K, used 36392K [0x00000000fc000000, 0x0000000100000000)
  region size 1024K, 30 young (30720K), 3 survivors (3072K)
 Metaspace       used 7793K, committed 8000K, reserved 1114112K
  class space    used 1068K, committed 1152K, reserved 1048576K
}
Event: 0.655 GC heap after
{Heap after GC invocations=2 (full 0):
 garbage-first heap   total 65536K, used 12380K [0x00000000fc000000, 0x0000000100000000)
  region size 1024K, 4 young (4096K), 4 survivors (4096K)
 Metaspace       used 7793K, committed 8000K, reserved 1114112K
  class space    used 1068K, committed 1152K, reserved 1048576K
}

Deoptimization events (20 events):
Event: 0.776 Thread 0x000001e1d5cf04c0 Uncommon trap: trap_request=0xffffff45 fr.pc=0x000001e1e510bb88 relative=0x00000000000004a8
Event: 0.776 Thread 0x000001e1d5cf04c0 Uncommon trap: reason=unstable_if action=reinterpret pc=0x000001e1e510bb88 method=java.lang.invoke.VarForm.getMemberNameOrNull(I)Ljava/lang/invoke/MemberName; @ 8 c2
Event: 0.776 Thread 0x000001e1d5cf04c0 DEOPT PACKING pc=0x000001e1e510bb88 sp=0x0000003d2f3fce60
Event: 0.776 Thread 0x000001e1d5cf04c0 DEOPT UNPACKING pc=0x000001e1e4b35ba3 sp=0x0000003d2f3fcd50 mode 2
Event: 0.784 Thread 0x000001e1d5cf04c0 Uncommon trap: trap_request=0xffffff45 fr.pc=0x000001e1e50e3d60 relative=0x0000000000000400
Event: 0.784 Thread 0x000001e1d5cf04c0 Uncommon trap: reason=unstable_if action=reinterpret pc=0x000001e1e50e3d60 method=java.util.regex.Matcher.match(II)Z @ 76 c2
Event: 0.784 Thread 0x000001e1d5cf04c0 DEOPT PACKING pc=0x000001e1e50e3d60 sp=0x0000003d2f3fc0b0
Event: 0.784 Thread 0x000001e1d5cf04c0 DEOPT UNPACKING pc=0x000001e1e4b35ba3 sp=0x0000003d2f3fc068 mode 2
Event: 0.891 Thread 0x000001e1f4b5c8e0 Uncommon trap: trap_request=0xffffffde fr.pc=0x000001e1e50b3854 relative=0x00000000000000b4
Event: 0.891 Thread 0x000001e1f4b5c8e0 Uncommon trap: reason=class_check action=maybe_recompile pc=0x000001e1e50b3854 method=java.util.AbstractList$Itr.next()Ljava/lang/Object; @ 14 c2
Event: 0.891 Thread 0x000001e1f4b5c8e0 DEOPT PACKING pc=0x000001e1e50b3854 sp=0x0000003d30bfe780
Event: 0.891 Thread 0x000001e1f4b5c8e0 DEOPT UNPACKING pc=0x000001e1e4b35ba3 sp=0x0000003d30bfe718 mode 2
Event: 283.688 Thread 0x000001e1f4b5c8e0 Uncommon trap: trap_request=0xffffff45 fr.pc=0x000001e1e5134164 relative=0x00000000000001a4
Event: 283.688 Thread 0x000001e1f4b5c8e0 Uncommon trap: reason=unstable_if action=reinterpret pc=0x000001e1e5134164 method=org.gradle.internal.logging.console.DefaultRedrawableLabel.redraw(Lorg/gradle/internal/logging/console/AnsiContext;)V @ 95 c2
Event: 283.688 Thread 0x000001e1f4b5c8e0 DEOPT PACKING pc=0x000001e1e5134164 sp=0x0000003d30bfe690
Event: 283.688 Thread 0x000001e1f4b5c8e0 DEOPT UNPACKING pc=0x000001e1e4b35ba3 sp=0x0000003d30bfe640 mode 2
Event: 284.173 Thread 0x000001e1d5cf04c0 DEOPT PACKING pc=0x000001e1dd7ddb4a sp=0x0000003d2f3f6ec0
Event: 284.173 Thread 0x000001e1d5cf04c0 DEOPT UNPACKING pc=0x000001e1e4b366e3 sp=0x0000003d2f3f6350 mode 0
Event: 284.176 Thread 0x000001e1d5cf04c0 DEOPT PACKING pc=0x000001e1dd9368c3 sp=0x0000003d2f3f8850
Event: 284.176 Thread 0x000001e1d5cf04c0 DEOPT UNPACKING pc=0x000001e1e4b366e3 sp=0x0000003d2f3f7d00 mode 0

Classes unloaded (0 events):
No events

Classes redefined (0 events):
No events

Internal exceptions (20 events):
Event: 0.431 Thread 0x000001e1d5cf04c0 Exception <a 'java/lang/NoSuchMethodError'{0x00000000ff4a8ee0}: 'java.lang.Object java.lang.invoke.DirectMethodHandle$Holder.invokeVirtual(java.lang.Object, java.lang.Object, java.lang.Object)'> (0x00000000ff4a8ee0) 
thrown [s\open\src\hotspot\share\interpreter\linkResolver.cpp, line 759]
Event: 0.496 Thread 0x000001e1d5cf04c0 Exception <a 'java/lang/NoSuchMethodError'{0x00000000fef00518}: 'java.lang.Object java.lang.invoke.DirectMethodHandle$Holder.newInvokeSpecial(java.lang.Object, java.lang.Object, java.lang.Object, java.lang.Object, java.lang.Object)'> (0x00000000fef00518) 
thrown [s\open\src\hotspot\share\interpreter\linkResolver.cpp, line 759]
Event: 0.524 Thread 0x000001e1d5cf04c0 Exception <a 'java/lang/NoSuchMethodError'{0x00000000fedcfa08}: 'void java.lang.invoke.DirectMethodHandle$Holder.invokeSpecial(java.lang.Object, java.lang.Object, java.lang.Object)'> (0x00000000fedcfa08) 
thrown [s\open\src\hotspot\share\interpreter\linkResolver.cpp, line 759]
Event: 0.530 Thread 0x000001e1d5cf04c0 Implicit null exception at 0x000001e1e50e0b8f to 0x000001e1e50e10bc
Event: 0.530 Thread 0x000001e1d5cf04c0 Implicit null exception at 0x000001e1e50c2d0f to 0x000001e1e50c3248
Event: 0.542 Thread 0x000001e1d5cf04c0 Exception <a 'java/lang/NoSuchMethodError'{0x00000000feb46500}: 'java.lang.Object java.lang.invoke.DirectMethodHandle$Holder.invokeStaticInit(java.lang.Object)'> (0x00000000feb46500) 
thrown [s\open\src\hotspot\share\interpreter\linkResolver.cpp, line 759]
Event: 0.555 Thread 0x000001e1d5cf04c0 Exception <a 'java/lang/NoSuchMethodError'{0x00000000febe8e40}: 'int java.lang.invoke.DirectMethodHandle$Holder.invokeVirtual(java.lang.Object, java.lang.Object, java.lang.Object)'> (0x00000000febe8e40) 
thrown [s\open\src\hotspot\share\interpreter\linkResolver.cpp, line 759]
Event: 0.582 Thread 0x000001e1d5cf04c0 Exception <a 'java/lang/NoSuchMethodError'{0x00000000fe544c40}: 'java.lang.Object java.lang.invoke.DirectMethodHandle$Holder.invokeSpecialIFC(java.lang.Object, java.lang.Object, java.lang.Object, java.lang.Object)'> (0x00000000fe544c40) 
thrown [s\open\src\hotspot\share\interpreter\linkResolver.cpp, line 759]
Event: 0.612 Thread 0x000001e1d5cf04c0 Exception <a 'java/lang/NoSuchMethodError'{0x00000000fe254f78}: 'java.lang.Object java.lang.invoke.DirectMethodHandle$Holder.invokeStaticInit(java.lang.Object, int, int, int, int)'> (0x00000000fe254f78) 
thrown [s\open\src\hotspot\share\interpreter\linkResolver.cpp, line 759]
Event: 0.656 Thread 0x000001e1d5cf04c0 Exception <a 'java/lang/NoSuchMethodError'{0x00000000fff05d50}: 'java.lang.Object java.lang.invoke.DirectMethodHandle$Holder.invokeStaticInit(java.lang.Object, java.lang.Object, int, int, int, int)'> (0x00000000fff05d50) 
thrown [s\open\src\hotspot\share\interpreter\linkResolver.cpp, line 759]
Event: 0.728 Thread 0x000001e1d5cf04c0 Exception <a 'java/lang/NoSuchMethodError'{0x00000000fff38f08}: 'void java.lang.invoke.DirectMethodHandle$Holder.invokeStatic(java.lang.Object, java.lang.Object, java.lang.Object)'> (0x00000000fff38f08) 
thrown [s\open\src\hotspot\share\interpreter\linkResolver.cpp, line 759]
Event: 0.742 Thread 0x000001e1d5cf04c0 Implicit null exception at 0x000001e1e50be472 to 0x000001e1e50beab0
Event: 0.743 Thread 0x000001e1d5cf04c0 Implicit null exception at 0x000001e1e50e1972 to 0x000001e1e50e1fc8
Event: 283.768 Thread 0x000001e1d5cf04c0 Exception <a 'java/lang/NoSuchMethodError'{0x00000000ff5ef140}: static Lorg/gradle/tooling/internal/provider/serialization/ClassLoaderDetails;.<clinit>()V> (0x00000000ff5ef140) 
thrown [s\open\src\hotspot\share\prims\jni.cpp, line 1112]
Event: 283.769 Thread 0x000001e1d5cf04c0 Exception <a 'java/lang/NoSuchMethodError'{0x00000000ff5fdb08}: static Lorg/gradle/internal/classloader/ClassLoaderSpec;.<clinit>()V> (0x00000000ff5fdb08) 
thrown [s\open\src\hotspot\share\prims\jni.cpp, line 1112]
Event: 283.770 Thread 0x000001e1d5cf04c0 Exception <a 'java/lang/NoSuchMethodError'{0x00000000ff409190}: static Lorg/gradle/tooling/internal/provider/serialization/WellKnownClassLoaderRegistry$KnownClassLoaderSpec;.<clinit>()V> (0x00000000ff409190) 
thrown [s\open\src\hotspot\share\prims\jni.cpp, line 1112]
Event: 283.772 Thread 0x000001e1d5cf04c0 Exception <a 'java/lang/NoSuchMethodError'{0x00000000ff422f08}: static Lorg/gradle/internal/classloader/ClassLoaderSpec;.<clinit>()V> (0x00000000ff422f08) 
thrown [s\open\src\hotspot\share\prims\jni.cpp, line 1112]
Event: 283.774 Thread 0x000001e1d5cf04c0 Exception <a 'java/lang/NoSuchMethodError'{0x00000000ff432c60}: static Lorg/gradle/internal/classloader/VisitableURLClassLoader$Spec;.<clinit>()V> (0x00000000ff432c60) 
thrown [s\open\src\hotspot\share\prims\jni.cpp, line 1112]
Event: 284.173 Thread 0x000001e1d5cf04c0 Exception <a 'java/lang/NoSuchMethodError'{0x00000000ff4fb6e0}: static Lorg/gradle/internal/classloader/FilteringClassLoader$Spec;.<clinit>()V> (0x00000000ff4fb6e0) 
thrown [s\open\src\hotspot\share\prims\jni.cpp, line 1112]
Event: 284.176 Thread 0x000001e1d5cf04c0 Exception <a 'java/lang/NoSuchMethodError'{0x00000000ff31c378}: static Lorg/gradle/internal/classloader/CachingClassLoader$Spec;.<clinit>()V> (0x00000000ff31c378) 
thrown [s\open\src\hotspot\share\prims\jni.cpp, line 1112]

VM Operations (20 events):
Event: 146.929 Executing VM operation: Cleanup
Event: 146.929 Executing VM operation: Cleanup done
Event: 180.233 Executing VM operation: Cleanup
Event: 180.233 Executing VM operation: Cleanup done
Event: 225.639 Executing VM operation: Cleanup
Event: 225.639 Executing VM operation: Cleanup done
Event: 226.646 Executing VM operation: Cleanup
Event: 226.646 Executing VM operation: Cleanup done
Event: 240.764 Executing VM operation: Cleanup
Event: 240.764 Executing VM operation: Cleanup done
Event: 256.930 Executing VM operation: Cleanup
Event: 256.931 Executing VM operation: Cleanup done
Event: 267.015 Executing VM operation: Cleanup
Event: 267.015 Executing VM operation: Cleanup done
Event: 270.049 Executing VM operation: Cleanup
Event: 270.049 Executing VM operation: Cleanup done
Event: 283.677 Executing VM operation: HandshakeAllThreads
Event: 283.677 Executing VM operation: HandshakeAllThreads done
Event: 283.677 Executing VM operation: Cleanup
Event: 283.677 Executing VM operation: Cleanup done

Events (20 events):
Event: 283.761 loading class java/util/HashMap$UnsafeHolder done
Event: 283.766 loading class java/io/ObjectStreamClass$1
Event: 283.766 loading class java/io/ObjectStreamClass$1 done
Event: 283.766 loading class java/io/DataOutputStream
Event: 283.767 loading class java/io/DataOutputStream done
Event: 283.767 loading class java/io/ObjectStreamClass$MemberSignature
Event: 283.767 loading class java/io/ObjectStreamClass$MemberSignature done
Event: 283.767 loading class java/io/ObjectStreamClass$3
Event: 283.767 loading class java/io/ObjectStreamClass$3 done
Event: 283.768 loading class java/io/ObjectStreamClass$4
Event: 283.768 loading class java/io/ObjectStreamClass$4 done
Event: 283.768 loading class java/io/ObjectStreamClass$5
Event: 283.768 loading class java/io/ObjectStreamClass$5 done
Event: 283.774 loading class java/net/UrlDeserializedState
Event: 283.775 loading class java/net/UrlDeserializedState done
Event: 283.775 loading class jdk/internal/reflect/UnsafeQualifiedStaticObjectFieldAccessorImpl
Event: 283.775 loading class jdk/internal/reflect/UnsafeQualifiedStaticObjectFieldAccessorImpl done
Event: 283.776 loading class java/net/Proxy
Event: 283.776 loading class java/net/Proxy done
Event: 284.171 Thread 0x000001e1f4454e60 Thread added: 0x000001e1f4454e60


Dynamic libraries:
0x00007ff688130000 - 0x00007ff688140000 	C:\Program Files\Java\jdk-17\bin\java.exe
0x00007ffb49310000 - 0x00007ffb49508000 	C:\Windows\SYSTEM32\ntdll.dll
0x00007ffb48500000 - 0x00007ffb485c2000 	C:\Windows\System32\KERNEL32.DLL
0x00007ffb46b70000 - 0x00007ffb46e66000 	C:\Windows\System32\KERNELBASE.dll
0x00007ffb46e70000 - 0x00007ffb46f70000 	C:\Windows\System32\ucrtbase.dll
0x00007ffafb660000 - 0x00007ffafb679000 	C:\Program Files\Java\jdk-17\bin\jli.dll
0x00007ffafd8a0000 - 0x00007ffafd8bb000 	C:\Program Files\Java\jdk-17\bin\VCRUNTIME140.dll
0x00007ffb48ee0000 - 0x00007ffb48f91000 	C:\Windows\System32\ADVAPI32.dll
0x00007ffb485d0000 - 0x00007ffb4866e000 	C:\Windows\System32\msvcrt.dll
0x00007ffb48340000 - 0x00007ffb483df000 	C:\Windows\System32\sechost.dll
0x00007ffb47cf0000 - 0x00007ffb47e10000 	C:\Windows\System32\RPCRT4.dll
0x00007ffb46a40000 - 0x00007ffb46a67000 	C:\Windows\System32\bcrypt.dll
0x00007ffb49120000 - 0x00007ffb492bd000 	C:\Windows\System32\USER32.dll
0x00007ffb274d0000 - 0x00007ffb2776b000 	C:\Windows\WinSxS\amd64_microsoft.windows.common-controls_6595b64144ccf1df_6.0.19041.6280_none_60bc30a171f2f3f3\COMCTL32.dll
0x00007ffb47130000 - 0x00007ffb47152000 	C:\Windows\System32\win32u.dll
0x00007ffb48230000 - 0x00007ffb4825b000 	C:\Windows\System32\GDI32.dll
0x00007ffb47010000 - 0x00007ffb47129000 	C:\Windows\System32\gdi32full.dll
0x00007ffb46f70000 - 0x00007ffb4700d000 	C:\Windows\System32\msvcp_win.dll
0x00007ffb3ef30000 - 0x00007ffb3ef3a000 	C:\Windows\SYSTEM32\VERSION.dll
0x00007ffb48670000 - 0x00007ffb4869f000 	C:\Windows\System32\IMM32.DLL
0x00007ffb183d0000 - 0x00007ffb183dc000 	C:\Program Files\Java\jdk-17\bin\vcruntime140_1.dll
0x00007ffae8e40000 - 0x00007ffae8ece000 	C:\Program Files\Java\jdk-17\bin\msvcp140.dll
0x00007ffae8260000 - 0x00007ffae8e40000 	C:\Program Files\Java\jdk-17\bin\server\jvm.dll
0x00007ffb47980000 - 0x00007ffb47988000 	C:\Windows\System32\PSAPI.DLL
0x00007ffb3a9e0000 - 0x00007ffb3aa07000 	C:\Windows\SYSTEM32\WINMM.dll
0x00007ffb16b40000 - 0x00007ffb16b49000 	C:\Windows\SYSTEM32\WSOCK32.dll
0x00007ffb49000000 - 0x00007ffb4906b000 	C:\Windows\System32\WS2_32.dll
0x00007ffb45190000 - 0x00007ffb451a2000 	C:\Windows\SYSTEM32\kernel.appcore.dll
0x00007ffb18170000 - 0x00007ffb1817a000 	C:\Program Files\Java\jdk-17\bin\jimage.dll
0x00007ffb445d0000 - 0x00007ffb447d1000 	C:\Windows\SYSTEM32\DBGHELP.DLL
0x00007ffb2ba40000 - 0x00007ffb2ba74000 	C:\Windows\SYSTEM32\dbgcore.DLL
0x00007ffb469b0000 - 0x00007ffb46a32000 	C:\Windows\System32\bcryptPrimitives.dll
0x00007ffae9f30000 - 0x00007ffae9f55000 	C:\Program Files\Java\jdk-17\bin\java.dll
0x00007ffae8150000 - 0x00007ffae8227000 	C:\Program Files\Java\jdk-17\bin\jsvml.dll
0x00007ffb486a0000 - 0x00007ffb48e10000 	C:\Windows\System32\SHELL32.dll
0x00007ffb449d0000 - 0x00007ffb45175000 	C:\Windows\SYSTEM32\windows.storage.dll
0x00007ffb47990000 - 0x00007ffb47ce3000 	C:\Windows\System32\combase.dll
0x00007ffb462b0000 - 0x00007ffb462db000 	C:\Windows\SYSTEM32\Wldp.dll
0x00007ffb48e10000 - 0x00007ffb48edd000 	C:\Windows\System32\OLEAUT32.dll
0x00007ffb483f0000 - 0x00007ffb4849d000 	C:\Windows\System32\SHCORE.dll
0x00007ffb484a0000 - 0x00007ffb484fb000 	C:\Windows\System32\shlwapi.dll
0x00007ffb468e0000 - 0x00007ffb46904000 	C:\Windows\SYSTEM32\profapi.dll
0x00007ffb140f0000 - 0x00007ffb14109000 	C:\Program Files\Java\jdk-17\bin\net.dll
0x00007ffb42b20000 - 0x00007ffb42c2a000 	C:\Windows\SYSTEM32\WINHTTP.dll
0x00007ffb46070000 - 0x00007ffb460da000 	C:\Windows\system32\mswsock.dll
0x00007ffafa4e0000 - 0x00007ffafa4f6000 	C:\Program Files\Java\jdk-17\bin\nio.dll
0x00007ffafa4b0000 - 0x00007ffafa4c8000 	C:\Program Files\Java\jdk-17\bin\zip.dll
0x00007ffafa200000 - 0x00007ffafa210000 	C:\Program Files\Java\jdk-17\bin\verify.dll
0x00007ffb3ef40000 - 0x00007ffb3ef67000 	C:\Users\Lenovo\.gradle\native\c067742578af261105cb4f569cf0c3c89f3d7b1fecec35dd04571415982c5e48\windows-amd64\native-platform.dll
0x00007ffb403d0000 - 0x00007ffb403da000 	C:\Users\Lenovo\.gradle\native\jansi\1.18\windows64\jansi.dll
0x00007ffb00a80000 - 0x00007ffb00a8a000 	C:\Program Files\Java\jdk-17\bin\management.dll
0x00007ffb00880000 - 0x00007ffb0088b000 	C:\Program Files\Java\jdk-17\bin\management_ext.dll
0x00007ffb46340000 - 0x00007ffb46358000 	C:\Windows\SYSTEM32\CRYPTSP.dll
0x00007ffb45950000 - 0x00007ffb45988000 	C:\Windows\system32\rsaenh.dll
0x00007ffb46860000 - 0x00007ffb4688e000 	C:\Windows\SYSTEM32\USERENV.dll
0x00007ffb46200000 - 0x00007ffb4620c000 	C:\Windows\SYSTEM32\CRYPTBASE.dll
0x00007ffb45d70000 - 0x00007ffb45dab000 	C:\Windows\SYSTEM32\IPHLPAPI.DLL
0x00007ffb492c0000 - 0x00007ffb492c8000 	C:\Windows\System32\NSI.dll
0x00007ffb3fa40000 - 0x00007ffb3fa57000 	C:\Windows\SYSTEM32\dhcpcsvc6.DLL
0x00007ffb3fa20000 - 0x00007ffb3fa3d000 	C:\Windows\SYSTEM32\dhcpcsvc.DLL
0x00007ffb45db0000 - 0x00007ffb45e7a000 	C:\Windows\SYSTEM32\DNSAPI.dll
0x00007ffb000a0000 - 0x00007ffb000ae000 	C:\Program Files\Java\jdk-17\bin\sunmscapi.dll
0x00007ffb471e0000 - 0x00007ffb4733d000 	C:\Windows\System32\CRYPT32.dll
0x00007ffb46450000 - 0x00007ffb46477000 	C:\Windows\SYSTEM32\ncrypt.dll
0x00007ffb46410000 - 0x00007ffb4644b000 	C:\Windows\SYSTEM32\NTASN1.dll
0x00007ffb107c0000 - 0x00007ffb107c7000 	C:\Windows\system32\wshunix.dll

dbghelp: loaded successfully - version: 4.0.5 - missing functions: none
symbol engine: initialized successfully - sym options: 0x614 - pdb path: .;C:\Program Files\Java\jdk-17\bin;C:\Windows\SYSTEM32;C:\Windows\WinSxS\amd64_microsoft.windows.common-controls_6595b64144ccf1df_6.0.19041.6280_none_60bc30a171f2f3f3;C:\Program Files\Java\jdk-17\bin\server;C:\Users\Lenovo\.gradle\native\c067742578af261105cb4f569cf0c3c89f3d7b1fecec35dd04571415982c5e48\windows-amd64;C:\Users\Lenovo\.gradle\native\jansi\1.18\windows64

VM Arguments:
jvm_args: -Xmx64m -Xms64m -Dorg.gradle.appname=gradlew 
java_command: org.gradle.wrapper.GradleWrapperMain app:installDebug -PreactNativeDevServerPort=8081
java_class_path (initial): C:\Users\Lenovo\Desktop\1\pp\Audity\android\\gradle\wrapper\gradle-wrapper.jar
Launcher Type: SUN_STANDARD

[Global flags]
     intx CICompilerCount                          = 4                                         {product} {ergonomic}
     uint ConcGCThreads                            = 2                                         {product} {ergonomic}
     uint G1ConcRefinementThreads                  = 8                                         {product} {ergonomic}
   size_t G1HeapRegionSize                         = 1048576                                   {product} {ergonomic}
    uintx GCDrainStackTargetSize                   = 64                                        {product} {ergonomic}
   size_t InitialHeapSize                          = 67108864                                  {product} {command line}
   size_t MarkStackSize                            = 4194304                                   {product} {ergonomic}
   size_t MaxHeapSize                              = 67108864                                  {product} {command line}
   size_t MaxNewSize                               = 39845888                                  {product} {ergonomic}
   size_t MinHeapDeltaBytes                        = 1048576                                   {product} {ergonomic}
   size_t MinHeapSize                              = 67108864                                  {product} {command line}
    uintx NonNMethodCodeHeapSize                   = 5839372                                {pd product} {ergonomic}
    uintx NonProfiledCodeHeapSize                  = 122909434                              {pd product} {ergonomic}
    uintx ProfiledCodeHeapSize                     = 122909434                              {pd product} {ergonomic}
    uintx ReservedCodeCacheSize                    = 251658240                              {pd product} {ergonomic}
     bool SegmentedCodeCache                       = true                                      {product} {ergonomic}
   size_t SoftMaxHeapSize                          = 67108864                               {manageable} {ergonomic}
     bool UseCompressedClassPointers               = true                           {product lp64_product} {ergonomic}
     bool UseCompressedOops                        = true                           {product lp64_product} {ergonomic}
     bool UseG1GC                                  = true                                      {product} {ergonomic}
     bool UseLargePagesIndividualAllocation        = false                                  {pd product} {ergonomic}

Logging:
Log output configuration:
 #0: stdout all=warning uptime,level,tags
 #1: stderr all=off uptime,level,tags

Environment Variables:
JAVA_HOME=C:\Program Files\Java\jdk-17
CLASSPATH=C:\Users\Lenovo\Desktop\1\pp\Audity\android\\gradle\wrapper\gradle-wrapper.jar
PATH=C:\Users\Lenovo\Desktop\1\pp\Audity\node_modules\.bin;C:\Users\Lenovo\Desktop\1\pp\Audity\node_modules\.bin;C:\Users\Lenovo\Desktop\1\pp\node_modules\.bin;C:\Users\Lenovo\Desktop\1\node_modules\.bin;C:\Users\Lenovo\Desktop\node_modules\.bin;C:\Users\Lenovo\node_modules\.bin;C:\Users\node_modules\.bin;C:\node_modules\.bin;C:\Program Files\p\nodejs\node_modules\npm\node_modules\@npmcli\run-script\lib\node-gyp-bin;C:\Program Files\Microsoft MPI\Bin\;C:\Program Files\Common Files\Oracle\Java\javapath;C:\Python37\Scripts\;C:\Python37\;C:\Program Files\Python37\Scripts\;C:\Program Files\Python37\;C:\Python312\Scripts\;C:\Python312\;C:\Python311\Scripts\;C:\Python311\;C:\Program Files (x86)\Common Files\Oracle\Java\javapath;C:\Program Files (x86)\VMware\VMware Workstation\bin\;C:\ProgramData\Oracle\Java\javapath;C:\Windows\system32;C:\Windows;C:\Windows\System32\Wbem;C:\Windows\System32\WindowsPowerShell\v1.0\;C:\Windows\System32\OpenSSH\;C:\Program Files\dotnet\;C:\Program Files\Java\jre1.8.0_333\bin;C:\Program Files\Git\cmd;C:\ProgramData\chocolatey\bin;C:\composer;C:\Program Files\Docker\Docker\resources\bin;C:\Program Files\Microsoft SQL Server\150\Tools\Binn\;C:\Program Files\Microsoft SQL Server\Client SDK\ODBC\170\Tools\Binn\;C:\Program Files\p\nodejs\;C:\Program Files\Google\Chrome\Application;C:\Program Files\Microsoft MPI\Bin\;C:\Program Files\Common Files\Oracle\Java\javapath;C:\Users\Lenovo\AppData\Local\Programs\Python\Python311\Scripts;C:\Users\Lenovo\AppData\Local\Programs\Python\Python311;C:\Program Files\Python37\Scripts\;C:\Program Files\Python37\;C:\Python312\Scripts\;C:\Python312\;C:\Python311\Scripts\;C:\Python311\;C:\Program Files (x86)\Common Files\Oracle\Java\javapath;C:\Program Files (x86)\VMware\VMware Workstation\bin\;C:\ProgramData\Oracle\Java\javapath;C:\Windows\system32;C:\Windows;C:\Windows\System32\Wbem;C:\Windows\System32\WindowsPowerShell\v1.0\;C:\Windows\System32\OpenSSH\;C:\Program Files\dotnet\;C:\Program Files\Java\jre1.8.0_333\bin;C
USERNAME=Lenovo
LANG=en_US.UTF-8
OS=Windows_NT
PROCESSOR_IDENTIFIER=Intel64 Family 6 Model 140 Stepping 1, GenuineIntel



---------------  S Y S T E M  ---------------

OS:
 Windows 10 , 64 bit Build 19041 (10.0.19041.5915)
OS uptime: 0 days 1:47 hours
Hyper-V role detected

CPU: total 8 (initial active 8) (4 cores per cpu, 2 threads per core) family 6 model 140 stepping 1 microcode 0x8a, cx8, cmov, fxsr, ht, mmx, 3dnowpref, sse, sse2, sse3, ssse3, sse4.1, sse4.2, popcnt, lzcnt, tsc, tscinvbit, avx, avx2, aes, erms, clmul, bmi1, bmi2, adx, avx512f, avx512dq, avx512cd, avx512bw, avx512vl, sha, fma, vzeroupper, avx512_vpopcntdq, avx512_vpclmulqdq, avx512_vaes, avx512_vnni, clflush, clflushopt, clwb, avx512_vbmi2, avx512_vbmi, hv

Memory: 4k page, system-wide physical 7975M (546M free)
TotalPageFile size 16167M (AvailPageFile size 4M)
current process WorkingSet (physical memory assigned to process): 97M, peak: 108M
current process commit charge ("private bytes"): 173M, peak: 173M

vm_info: Java HotSpot(TM) 64-Bit Server VM (17.0.12+8-LTS-286) for windows-amd64 JRE (17.0.12+8-LTS-286), built on Jun  5 2024 06:46:59 by "mach5one" with MS VC++ 17.6 (VS2022)

END.
